{"C:\\Users\\Administrator.DESKTOP-EGNE9ND\\Desktop\\寻雷科技产品（AI模块独立应用）\\寻雷科技无限储存oss\\Telegram-Drive\\app\\src\\utils.ts": {"path":"C:\\Users\\Administrator.DESKTOP-EGNE9ND\\Desktop\\寻雷科技产品（AI模块独立应用）\\寻雷科技无限储存oss\\Telegram-Drive\\app\\src\\utils.ts","all":false,"statementMap":{"0":{"start":{"line":1,"column":0},"end":{"line":1,"column":58}},"1":{"start":{"line":2,"column":0},"end":{"line":2,"column":34}},"2":{"start":{"line":3,"column":0},"end":{"line":3,"column":19}},"3":{"start":{"line":4,"column":0},"end":{"line":4,"column":43}},"4":{"start":{"line":5,"column":0},"end":{"line":5,"column":52}},"5":{"start":{"line":6,"column":0},"end":{"line":6,"column":56}},"6":{"start":{"line":7,"column":0},"end":{"line":7,"column":77}},"7":{"start":{"line":8,"column":0},"end":{"line":8,"column":1}},"11":{"start":{"line":12,"column":0},"end":{"line":12,"column":78}},"12":{"start":{"line":13,"column":0},"end":{"line":13,"column":79}},"13":{"start":{"line":14,"column":0},"end":{"line":14,"column":87}},"14":{"start":{"line":15,"column":0},"end":{"line":15,"column":102}},"16":{"start":{"line":17,"column":0},"end":{"line":17,"column":64}},"17":{"start":{"line":18,"column":0},"end":{"line":18,"column":37}},"18":{"start":{"line":19,"column":0},"end":{"line":19,"column":49}},"19":{"start":{"line":20,"column":0},"end":{"line":20,"column":2}},"21":{"start":{"line":22,"column":0},"end":{"line":22,"column":83}},"22":{"start":{"line":23,"column":0},"end":{"line":23,"column":83}},"23":{"start":{"line":24,"column":0},"end":{"line":24,"column":83}},"24":{"start":{"line":25,"column":0},"end":{"line":25,"column":83}},"25":{"start":{"line":26,"column":0},"end":{"line":26,"column":83}},"28":{"start":{"line":29,"column":0},"end":{"line":29,"column":36}},"29":{"start":{"line":30,"column":0},"end":{"line":30,"column":40}},"30":{"start":{"line":31,"column":0},"end":{"line":31,"column":34}},"31":{"start":{"line":32,"column":0},"end":{"line":32,"column":18}},"32":{"start":{"line":33,"column":0},"end":{"line":33,"column":66}},"33":{"start":{"line":34,"column":0},"end":{"line":34,"column":30}},"34":{"start":{"line":35,"column":0},"end":{"line":35,"column":5}},"35":{"start":{"line":36,"column":0},"end":{"line":36,"column":26}},"36":{"start":{"line":37,"column":0},"end":{"line":37,"column":1}},"39":{"start":{"line":40,"column":0},"end":{"line":40,"column":36}},"40":{"start":{"line":41,"column":0},"end":{"line":41,"column":59}},"41":{"start":{"line":42,"column":0},"end":{"line":42,"column":28}},"42":{"start":{"line":43,"column":0},"end":{"line":43,"column":34}},"43":{"start":{"line":44,"column":0},"end":{"line":44,"column":12}},"44":{"start":{"line":45,"column":0},"end":{"line":45,"column":28}},"45":{"start":{"line":46,"column":0},"end":{"line":46,"column":66}},"46":{"start":{"line":47,"column":0},"end":{"line":47,"column":1}},"48":{"start":{"line":49,"column":0},"end":{"line":49,"column":35}},"49":{"start":{"line":50,"column":0},"end":{"line":50,"column":18}},"50":{"start":{"line":51,"column":0},"end":{"line":51,"column":48}},"51":{"start":{"line":52,"column":0},"end":{"line":52,"column":12}},"52":{"start":{"line":53,"column":0},"end":{"line":53,"column":32}},"53":{"start":{"line":54,"column":0},"end":{"line":54,"column":37}},"54":{"start":{"line":55,"column":0},"end":{"line":55,"column":1}},"57":{"start":{"line":58,"column":0},"end":{"line":58,"column":44}},"58":{"start":{"line":59,"column":0},"end":{"line":59,"column":26}},"59":{"start":{"line":60,"column":0},"end":{"line":60,"column":25}},"60":{"start":{"line":61,"column":0},"end":{"line":61,"column":13}},"61":{"start":{"line":62,"column":0},"end":{"line":62,"column":52}},"62":{"start":{"line":63,"column":0},"end":{"line":63,"column":40}},"63":{"start":{"line":64,"column":0},"end":{"line":64,"column":56}},"64":{"start":{"line":65,"column":0},"end":{"line":65,"column":1}},"66":{"start":{"line":67,"column":0},"end":{"line":67,"column":66}},"67":{"start":{"line":68,"column":0},"end":{"line":68,"column":15}},"68":{"start":{"line":69,"column":0},"end":{"line":69,"column":26}},"69":{"start":{"line":70,"column":0},"end":{"line":70,"column":8}},"70":{"start":{"line":71,"column":0},"end":{"line":71,"column":47}},"71":{"start":{"line":72,"column":0},"end":{"line":72,"column":38}},"72":{"start":{"line":73,"column":0},"end":{"line":73,"column":48}},"73":{"start":{"line":74,"column":0},"end":{"line":74,"column":1}},"81":{"start":{"line":82,"column":0},"end":{"line":82,"column":45}},"85":{"start":{"line":86,"column":0},"end":{"line":86,"column":22}},"86":{"start":{"line":87,"column":0},"end":{"line":87,"column":12}},"87":{"start":{"line":88,"column":0},"end":{"line":88,"column":37}},"88":{"start":{"line":89,"column":0},"end":{"line":89,"column":37}},"89":{"start":{"line":90,"column":0},"end":{"line":90,"column":46}},"90":{"start":{"line":91,"column":0},"end":{"line":91,"column":6}},"91":{"start":{"line":92,"column":0},"end":{"line":92,"column":1}},"93":{"start":{"line":94,"column":0},"end":{"line":94,"column":91}},"94":{"start":{"line":95,"column":0},"end":{"line":95,"column":15}},"95":{"start":{"line":96,"column":0},"end":{"line":96,"column":30}},"96":{"start":{"line":97,"column":0},"end":{"line":97,"column":8}},"97":{"start":{"line":98,"column":0},"end":{"line":98,"column":44}},"98":{"start":{"line":99,"column":0},"end":{"line":99,"column":46}},"99":{"start":{"line":100,"column":0},"end":{"line":100,"column":44}},"100":{"start":{"line":101,"column":0},"end":{"line":101,"column":51}},"101":{"start":{"line":102,"column":0},"end":{"line":102,"column":7}},"102":{"start":{"line":103,"column":0},"end":{"line":103,"column":27}},"103":{"start":{"line":104,"column":0},"end":{"line":104,"column":62}},"104":{"start":{"line":105,"column":0},"end":{"line":105,"column":5}},"105":{"start":{"line":106,"column":0},"end":{"line":106,"column":32}},"106":{"start":{"line":107,"column":0},"end":{"line":107,"column":42}},"107":{"start":{"line":108,"column":0},"end":{"line":108,"column":40}},"108":{"start":{"line":109,"column":0},"end":{"line":109,"column":74}},"109":{"start":{"line":110,"column":0},"end":{"line":110,"column":7}},"110":{"start":{"line":111,"column":0},"end":{"line":111,"column":1}},"112":{"start":{"line":113,"column":0},"end":{"line":113,"column":90}},"113":{"start":{"line":114,"column":0},"end":{"line":114,"column":43}},"114":{"start":{"line":115,"column":0},"end":{"line":115,"column":38}},"115":{"start":{"line":116,"column":0},"end":{"line":116,"column":19}},"116":{"start":{"line":117,"column":0},"end":{"line":117,"column":19}},"117":{"start":{"line":118,"column":0},"end":{"line":118,"column":69}},"118":{"start":{"line":119,"column":0},"end":{"line":119,"column":6}},"119":{"start":{"line":120,"column":0},"end":{"line":120,"column":37}},"120":{"start":{"line":121,"column":0},"end":{"line":121,"column":46}},"121":{"start":{"line":122,"column":0},"end":{"line":122,"column":46}},"122":{"start":{"line":123,"column":0},"end":{"line":123,"column":5}},"123":{"start":{"line":124,"column":0},"end":{"line":124,"column":18}},"124":{"start":{"line":125,"column":0},"end":{"line":125,"column":1}},"126":{"start":{"line":127,"column":0},"end":{"line":127,"column":92}},"127":{"start":{"line":128,"column":0},"end":{"line":128,"column":31}},"128":{"start":{"line":129,"column":0},"end":{"line":129,"column":30}},"129":{"start":{"line":130,"column":0},"end":{"line":130,"column":13}},"130":{"start":{"line":131,"column":0},"end":{"line":131,"column":27}},"131":{"start":{"line":132,"column":0},"end":{"line":132,"column":50}},"132":{"start":{"line":133,"column":0},"end":{"line":133,"column":34}},"133":{"start":{"line":134,"column":0},"end":{"line":134,"column":40}},"134":{"start":{"line":135,"column":0},"end":{"line":135,"column":35}},"135":{"start":{"line":136,"column":0},"end":{"line":136,"column":69}},"136":{"start":{"line":137,"column":0},"end":{"line":137,"column":1}},"138":{"start":{"line":139,"column":0},"end":{"line":139,"column":31}},"139":{"start":{"line":140,"column":0},"end":{"line":140,"column":18}},"140":{"start":{"line":141,"column":0},"end":{"line":141,"column":55}},"141":{"start":{"line":142,"column":0},"end":{"line":142,"column":34}},"142":{"start":{"line":143,"column":0},"end":{"line":143,"column":34}},"143":{"start":{"line":144,"column":0},"end":{"line":144,"column":55}},"144":{"start":{"line":145,"column":0},"end":{"line":145,"column":70}},"145":{"start":{"line":146,"column":0},"end":{"line":146,"column":46}},"146":{"start":{"line":147,"column":0},"end":{"line":147,"column":59}},"147":{"start":{"line":148,"column":0},"end":{"line":148,"column":6}},"148":{"start":{"line":149,"column":0},"end":{"line":149,"column":1}},"150":{"start":{"line":151,"column":0},"end":{"line":151,"column":39}},"151":{"start":{"line":152,"column":0},"end":{"line":152,"column":18}},"152":{"start":{"line":153,"column":0},"end":{"line":153,"column":55}},"153":{"start":{"line":154,"column":0},"end":{"line":154,"column":34}},"154":{"start":{"line":155,"column":0},"end":{"line":155,"column":66}},"155":{"start":{"line":156,"column":0},"end":{"line":156,"column":57}},"156":{"start":{"line":157,"column":0},"end":{"line":157,"column":87}},"157":{"start":{"line":158,"column":0},"end":{"line":158,"column":27}},"158":{"start":{"line":159,"column":0},"end":{"line":159,"column":37}},"159":{"start":{"line":160,"column":0},"end":{"line":160,"column":71}},"160":{"start":{"line":161,"column":0},"end":{"line":161,"column":66}},"161":{"start":{"line":162,"column":0},"end":{"line":162,"column":31}},"162":{"start":{"line":163,"column":0},"end":{"line":163,"column":65}},"163":{"start":{"line":164,"column":0},"end":{"line":164,"column":9}},"164":{"start":{"line":165,"column":0},"end":{"line":165,"column":38}},"165":{"start":{"line":166,"column":0},"end":{"line":166,"column":5}},"166":{"start":{"line":167,"column":0},"end":{"line":167,"column":18}},"167":{"start":{"line":168,"column":0},"end":{"line":168,"column":1}}},"s":{"0":1,"1":9,"2":8,"3":9,"4":9,"5":9,"6":9,"7":9,"11":1,"12":1,"13":1,"14":1,"16":1,"17":18,"18":18,"19":18,"21":1,"22":1,"23":1,"24":1,"25":1,"28":1,"29":33,"30":33,"31":33,"32":33,"33":26,"34":26,"35":7,"36":7,"39":1,"40":3,"41":3,"42":3,"43":3,"44":3,"45":3,"46":3,"48":1,"49":3,"50":3,"51":3,"52":3,"53":2,"54":2,"57":1,"58":7,"59":7,"60":7,"61":7,"62":5,"63":5,"64":5,"66":1,"67":1,"68":1,"69":1,"70":1,"71":1,"72":1,"73":1,"81":1,"85":3,"86":3,"87":3,"88":3,"89":3,"90":3,"91":3,"93":1,"94":1,"95":1,"96":1,"97":1,"98":1,"99":1,"100":1,"101":1,"102":1,"103":0,"104":0,"105":1,"106":2,"107":2,"108":1,"109":1,"110":1,"112":1,"113":6,"114":4,"115":4,"116":4,"117":4,"118":4,"119":4,"120":5,"121":5,"122":5,"123":4,"124":4,"126":1,"127":1,"128":1,"129":1,"130":1,"131":1,"132":1,"133":1,"134":1,"135":0,"136":0,"138":1,"139":6,"140":6,"141":6,"142":6,"143":6,"144":6,"145":6,"146":6,"147":6,"148":6,"150":1,"151":11,"152":11,"153":11,"154":11,"155":11,"156":11,"157":11,"158":23,"159":23,"160":23,"161":23,"162":19,"163":19,"164":23,"165":23,"166":11,"167":11},"branchMap":{"0":{"type":"branch","line":1,"loc":{"start":{"line":1,"column":7},"end":{"line":8,"column":1}},"locations":[{"start":{"line":1,"column":7},"end":{"line":8,"column":1}}]},"1":{"type":"branch","line":2,"loc":{"start":{"line":2,"column":17},"end":{"line":2,"column":34}},"locations":[{"start":{"line":2,"column":17},"end":{"line":2,"column":34}}]},"2":{"type":"branch","line":2,"loc":{"start":{"line":2,"column":24},"end":{"line":4,"column":30}},"locations":[{"start":{"line":2,"column":24},"end":{"line":4,"column":30}}]},"3":{"type":"branch","line":4,"loc":{"start":{"line":4,"column":26},"end":{"line":4,"column":34}},"locations":[{"start":{"line":4,"column":26},"end":{"line":4,"column":34}}]},"4":{"type":"branch","line":4,"loc":{"start":{"line":4,"column":30},"end":{"line":4,"column":43}},"locations":[{"start":{"line":4,"column":30},"end":{"line":4,"column":43}}]},"5":{"type":"branch","line":17,"loc":{"start":{"line":17,"column":20},"end":{"line":20,"column":2}},"locations":[{"start":{"line":17,"column":20},"end":{"line":20,"column":2}}]},"6":{"type":"branch","line":19,"loc":{"start":{"line":19,"column":21},"end":{"line":19,"column":47}},"locations":[{"start":{"line":19,"column":21},"end":{"line":19,"column":47}}]},"7":{"type":"branch","line":22,"loc":{"start":{"line":22,"column":29},"end":{"line":22,"column":83}},"locations":[{"start":{"line":22,"column":29},"end":{"line":22,"column":83}}]},"8":{"type":"branch","line":23,"loc":{"start":{"line":23,"column":29},"end":{"line":23,"column":83}},"locations":[{"start":{"line":23,"column":29},"end":{"line":23,"column":83}}]},"9":{"type":"branch","line":24,"loc":{"start":{"line":24,"column":29},"end":{"line":24,"column":83}},"locations":[{"start":{"line":24,"column":29},"end":{"line":24,"column":83}}]},"10":{"type":"branch","line":25,"loc":{"start":{"line":25,"column":29},"end":{"line":25,"column":83}},"locations":[{"start":{"line":25,"column":29},"end":{"line":25,"column":83}}]},"11":{"type":"branch","line":26,"loc":{"start":{"line":26,"column":29},"end":{"line":26,"column":83}},"locations":[{"start":{"line":26,"column":29},"end":{"line":26,"column":83}}]},"12":{"type":"branch","line":29,"loc":{"start":{"line":29,"column":7},"end":{"line":37,"column":1}},"locations":[{"start":{"line":29,"column":7},"end":{"line":37,"column":1}}]},"13":{"type":"branch","line":33,"loc":{"start":{"line":33,"column":27},"end":{"line":33,"column":65}},"locations":[{"start":{"line":33,"column":27},"end":{"line":33,"column":65}}]},"14":{"type":"branch","line":33,"loc":{"start":{"line":33,"column":65},"end":{"line":35,"column":5}},"locations":[{"start":{"line":33,"column":65},"end":{"line":35,"column":5}}]},"15":{"type":"branch","line":35,"loc":{"start":{"line":35,"column":4},"end":{"line":37,"column":1}},"locations":[{"start":{"line":35,"column":4},"end":{"line":37,"column":1}}]},"16":{"type":"branch","line":40,"loc":{"start":{"line":40,"column":7},"end":{"line":47,"column":1}},"locations":[{"start":{"line":40,"column":7},"end":{"line":47,"column":1}}]},"17":{"type":"branch","line":45,"loc":{"start":{"line":45,"column":15},"end":{"line":45,"column":28}},"locations":[{"start":{"line":45,"column":15},"end":{"line":45,"column":28}}]},"18":{"type":"branch","line":49,"loc":{"start":{"line":49,"column":7},"end":{"line":55,"column":1}},"locations":[{"start":{"line":49,"column":7},"end":{"line":55,"column":1}}]},"19":{"type":"branch","line":53,"loc":{"start":{"line":53,"column":19},"end":{"line":53,"column":32}},"locations":[{"start":{"line":53,"column":19},"end":{"line":53,"column":32}}]},"20":{"type":"branch","line":53,"loc":{"start":{"line":53,"column":26},"end":{"line":55,"column":1}},"locations":[{"start":{"line":53,"column":26},"end":{"line":55,"column":1}}]},"21":{"type":"branch","line":58,"loc":{"start":{"line":58,"column":7},"end":{"line":65,"column":1}},"locations":[{"start":{"line":58,"column":7},"end":{"line":65,"column":1}}]},"22":{"type":"branch","line":62,"loc":{"start":{"line":62,"column":33},"end":{"line":65,"column":1}},"locations":[{"start":{"line":62,"column":33},"end":{"line":65,"column":1}}]},"23":{"type":"branch","line":62,"loc":{"start":{"line":62,"column":33},"end":{"line":62,"column":52}},"locations":[{"start":{"line":62,"column":33},"end":{"line":62,"column":52}}]},"24":{"type":"branch","line":62,"loc":{"start":{"line":62,"column":40},"end":{"line":65,"column":1}},"locations":[{"start":{"line":62,"column":40},"end":{"line":65,"column":1}}]},"25":{"type":"branch","line":64,"loc":{"start":{"line":64,"column":30},"end":{"line":64,"column":54}},"locations":[{"start":{"line":64,"column":30},"end":{"line":64,"column":54}}]},"26":{"type":"branch","line":67,"loc":{"start":{"line":67,"column":7},"end":{"line":74,"column":1}},"locations":[{"start":{"line":67,"column":7},"end":{"line":74,"column":1}}]},"27":{"type":"branch","line":71,"loc":{"start":{"line":71,"column":34},"end":{"line":71,"column":47}},"locations":[{"start":{"line":71,"column":34},"end":{"line":71,"column":47}}]},"28":{"type":"branch","line":73,"loc":{"start":{"line":73,"column":24},"end":{"line":73,"column":46}},"locations":[{"start":{"line":73,"column":24},"end":{"line":73,"column":46}}]},"29":{"type":"branch","line":82,"loc":{"start":{"line":82,"column":7},"end":{"line":92,"column":1}},"locations":[{"start":{"line":82,"column":7},"end":{"line":92,"column":1}}]},"30":{"type":"branch","line":94,"loc":{"start":{"line":94,"column":7},"end":{"line":111,"column":1}},"locations":[{"start":{"line":94,"column":7},"end":{"line":111,"column":1}}]},"31":{"type":"branch","line":103,"loc":{"start":{"line":103,"column":26},"end":{"line":105,"column":5}},"locations":[{"start":{"line":103,"column":26},"end":{"line":105,"column":5}}]},"32":{"type":"branch","line":99,"loc":{"start":{"line":99,"column":27},"end":{"line":102,"column":5}},"locations":[{"start":{"line":99,"column":27},"end":{"line":102,"column":5}}]},"33":{"type":"branch","line":106,"loc":{"start":{"line":106,"column":21},"end":{"line":110,"column":5}},"locations":[{"start":{"line":106,"column":21},"end":{"line":110,"column":5}}]},"34":{"type":"branch","line":108,"loc":{"start":{"line":108,"column":28},"end":{"line":109,"column":74}},"locations":[{"start":{"line":108,"column":28},"end":{"line":109,"column":74}}]},"35":{"type":"branch","line":113,"loc":{"start":{"line":113,"column":7},"end":{"line":125,"column":1}},"locations":[{"start":{"line":113,"column":7},"end":{"line":125,"column":1}}]},"36":{"type":"branch","line":114,"loc":{"start":{"line":114,"column":31},"end":{"line":114,"column":43}},"locations":[{"start":{"line":114,"column":31},"end":{"line":114,"column":43}}]},"37":{"type":"branch","line":114,"loc":{"start":{"line":114,"column":38},"end":{"line":125,"column":1}},"locations":[{"start":{"line":114,"column":38},"end":{"line":125,"column":1}}]},"38":{"type":"branch","line":120,"loc":{"start":{"line":120,"column":36},"end":{"line":123,"column":5}},"locations":[{"start":{"line":120,"column":36},"end":{"line":123,"column":5}}]},"39":{"type":"branch","line":127,"loc":{"start":{"line":127,"column":7},"end":{"line":137,"column":1}},"locations":[{"start":{"line":127,"column":7},"end":{"line":137,"column":1}}]},"40":{"type":"branch","line":131,"loc":{"start":{"line":131,"column":15},"end":{"line":131,"column":27}},"locations":[{"start":{"line":131,"column":15},"end":{"line":131,"column":27}}]},"41":{"type":"branch","line":133,"loc":{"start":{"line":133,"column":22},"end":{"line":133,"column":34}},"locations":[{"start":{"line":133,"column":22},"end":{"line":133,"column":34}}]},"42":{"type":"branch","line":135,"loc":{"start":{"line":135,"column":30},"end":{"line":137,"column":1}},"locations":[{"start":{"line":135,"column":30},"end":{"line":137,"column":1}}]},"43":{"type":"branch","line":139,"loc":{"start":{"line":139,"column":7},"end":{"line":149,"column":1}},"locations":[{"start":{"line":139,"column":7},"end":{"line":149,"column":1}}]},"44":{"type":"branch","line":147,"loc":{"start":{"line":147,"column":8},"end":{"line":147,"column":59}},"locations":[{"start":{"line":147,"column":8},"end":{"line":147,"column":59}}]},"45":{"type":"branch","line":151,"loc":{"start":{"line":151,"column":7},"end":{"line":168,"column":1}},"locations":[{"start":{"line":151,"column":7},"end":{"line":168,"column":1}}]},"46":{"type":"branch","line":158,"loc":{"start":{"line":158,"column":26},"end":{"line":166,"column":5}},"locations":[{"start":{"line":158,"column":26},"end":{"line":166,"column":5}}]},"47":{"type":"branch","line":160,"loc":{"start":{"line":160,"column":43},"end":{"line":160,"column":55}},"locations":[{"start":{"line":160,"column":43},"end":{"line":160,"column":55}}]},"48":{"type":"branch","line":161,"loc":{"start":{"line":161,"column":31},"end":{"line":161,"column":51}},"locations":[{"start":{"line":161,"column":31},"end":{"line":161,"column":51}}]},"49":{"type":"branch","line":161,"loc":{"start":{"line":161,"column":38},"end":{"line":161,"column":66}},"locations":[{"start":{"line":161,"column":38},"end":{"line":161,"column":66}}]},"50":{"type":"branch","line":162,"loc":{"start":{"line":162,"column":30},"end":{"line":164,"column":9}},"locations":[{"start":{"line":162,"column":30},"end":{"line":164,"column":9}}]},"51":{"type":"branch","line":156,"loc":{"start":{"line":156,"column":38},"end":{"line":156,"column":54}},"locations":[{"start":{"line":156,"column":38},"end":{"line":156,"column":54}}]}},"b":{"0":[9],"1":[1],"2":[8],"3":[0],"4":[8],"5":[18],"6":[90],"7":[4],"8":[5],"9":[4],"10":[5],"11":[3],"12":[33],"13":[30],"14":[26],"15":[7],"16":[3],"17":[0],"18":[3],"19":[1],"20":[2],"21":[7],"22":[6],"23":[2],"24":[5],"25":[10],"26":[1],"27":[0],"28":[3],"29":[3],"30":[1],"31":[0],"32":[1],"33":[2],"34":[1],"35":[6],"36":[2],"37":[4],"38":[5],"39":[1],"40":[0],"41":[0],"42":[0],"43":[6],"44":[9],"45":[11],"46":[23],"47":[1],"48":[4],"49":[19],"50":[19],"51":[31]},"fnMap":{"0":{"name":"formatBytes","decl":{"start":{"line":1,"column":7},"end":{"line":8,"column":1}},"loc":{"start":{"line":1,"column":7},"end":{"line":8,"column":1}},"line":1},"1":{"name":"endsWithAny","decl":{"start":{"line":17,"column":20},"end":{"line":20,"column":2}},"loc":{"start":{"line":17,"column":20},"end":{"line":20,"column":2}},"line":17},"2":{"name":"isMediaFile","decl":{"start":{"line":22,"column":29},"end":{"line":22,"column":83}},"loc":{"start":{"line":22,"column":29},"end":{"line":22,"column":83}},"line":22},"3":{"name":"isVideoFile","decl":{"start":{"line":23,"column":29},"end":{"line":23,"column":83}},"loc":{"start":{"line":23,"column":29},"end":{"line":23,"column":83}},"line":23},"4":{"name":"isAudioFile","decl":{"start":{"line":24,"column":29},"end":{"line":24,"column":83}},"loc":{"start":{"line":24,"column":29},"end":{"line":24,"column":83}},"line":24},"5":{"name":"isImageFile","decl":{"start":{"line":25,"column":29},"end":{"line":25,"column":83}},"loc":{"start":{"line":25,"column":29},"end":{"line":25,"column":83}},"line":25},"6":{"name":"isPdfFile","decl":{"start":{"line":26,"column":29},"end":{"line":26,"column":83}},"loc":{"start":{"line":26,"column":29},"end":{"line":26,"column":83}},"line":26},"7":{"name":"resolveFileFolderId","decl":{"start":{"line":29,"column":7},"end":{"line":37,"column":1}},"loc":{"start":{"line":29,"column":7},"end":{"line":37,"column":1}},"line":29},"8":{"name":"fileBelongsToFolder","decl":{"start":{"line":40,"column":7},"end":{"line":47,"column":1}},"loc":{"start":{"line":40,"column":7},"end":{"line":47,"column":1}},"line":40},"9":{"name":"idsIncludeOpenFile","decl":{"start":{"line":49,"column":7},"end":{"line":55,"column":1}},"loc":{"start":{"line":49,"column":7},"end":{"line":55,"column":1}},"line":49},"10":{"name":"pruneSelectedIdsAfterDelete","decl":{"start":{"line":58,"column":7},"end":{"line":65,"column":1}},"loc":{"start":{"line":58,"column":7},"end":{"line":65,"column":1}},"line":58},"11":{"name":"filterFilesExcludingIds","decl":{"start":{"line":67,"column":7},"end":{"line":74,"column":1}},"loc":{"start":{"line":67,"column":7},"end":{"line":74,"column":1}},"line":67},"12":{"name":"moveResultToPayload","decl":{"start":{"line":82,"column":7},"end":{"line":92,"column":1}},"loc":{"start":{"line":82,"column":7},"end":{"line":92,"column":1}},"line":82},"13":{"name":"remapMovedFilesInList","decl":{"start":{"line":94,"column":7},"end":{"line":111,"column":1}},"loc":{"start":{"line":94,"column":7},"end":{"line":111,"column":1}},"line":94},"14":{"name":"mergeMovePayloads","decl":{"start":{"line":113,"column":7},"end":{"line":125,"column":1}},"loc":{"start":{"line":113,"column":7},"end":{"line":125,"column":1}},"line":113},"15":{"name":"remapOpenFileAfterMove","decl":{"start":{"line":127,"column":7},"end":{"line":137,"column":1}},"loc":{"start":{"line":127,"column":7},"end":{"line":137,"column":1}},"line":127},"16":{"name":"planMoveGroups","decl":{"start":{"line":139,"column":7},"end":{"line":149,"column":1}},"loc":{"start":{"line":139,"column":7},"end":{"line":149,"column":1}},"line":139},"17":{"name":"groupIdsBySourceFolder","decl":{"start":{"line":151,"column":7},"end":{"line":168,"column":1}},"loc":{"start":{"line":151,"column":7},"end":{"line":168,"column":1}},"line":151}},"f":{"0":9,"1":18,"2":4,"3":5,"4":4,"5":5,"6":3,"7":33,"8":3,"9":3,"10":7,"11":1,"12":3,"13":1,"14":6,"15":1,"16":6,"17":11}}
,"C:\\Users\\Administrator.DESKTOP-EGNE9ND\\Desktop\\寻雷科技产品（AI模块独立应用）\\寻雷科技无限储存oss\\Telegram-Drive\\app\\src\\hooks\\useFileDownload.ts": {"path":"C:\\Users\\Administrator.DESKTOP-EGNE9ND\\Desktop\\寻雷科技产品（AI模块独立应用）\\寻雷科技无限储存oss\\Telegram-Drive\\app\\src\\hooks\\useFileDownload.ts","all":false,"statementMap":{"0":{"start":{"line":1,"column":0},"end":{"line":1,"column":65}},"1":{"start":{"line":2,"column":0},"end":{"line":2,"column":46}},"2":{"start":{"line":3,"column":0},"end":{"line":3,"column":55}},"3":{"start":{"line":4,"column":0},"end":{"line":4,"column":31}},"5":{"start":{"line":6,"column":0},"end":{"line":6,"column":57}},"7":{"start":{"line":8,"column":0},"end":{"line":8,"column":59}},"8":{"start":{"line":9,"column":0},"end":{"line":9,"column":86}},"9":{"start":{"line":10,"column":0},"end":{"line":10,"column":8}},"17":{"start":{"line":18,"column":0},"end":{"line":18,"column":60}},"19":{"start":{"line":20,"column":0},"end":{"line":20,"column":32}},"20":{"start":{"line":21,"column":0},"end":{"line":21,"column":24}},"21":{"start":{"line":22,"column":0},"end":{"line":22,"column":12}},"28":{"start":{"line":29,"column":0},"end":{"line":29,"column":3}},"29":{"start":{"line":30,"column":0},"end":{"line":30,"column":39}},"30":{"start":{"line":31,"column":0},"end":{"line":31,"column":75}},"31":{"start":{"line":32,"column":0},"end":{"line":32,"column":58}},"32":{"start":{"line":33,"column":0},"end":{"line":33,"column":56}},"33":{"start":{"line":34,"column":0},"end":{"line":34,"column":55}},"35":{"start":{"line":36,"column":0},"end":{"line":36,"column":90}},"38":{"start":{"line":39,"column":0},"end":{"line":39,"column":59}},"39":{"start":{"line":40,"column":0},"end":{"line":40,"column":40}},"40":{"start":{"line":41,"column":0},"end":{"line":41,"column":35}},"41":{"start":{"line":42,"column":0},"end":{"line":42,"column":21}},"42":{"start":{"line":43,"column":0},"end":{"line":43,"column":42}},"43":{"start":{"line":44,"column":0},"end":{"line":44,"column":54}},"44":{"start":{"line":45,"column":0},"end":{"line":45,"column":48}},"45":{"start":{"line":46,"column":0},"end":{"line":46,"column":62}},"46":{"start":{"line":47,"column":0},"end":{"line":47,"column":17}},"47":{"start":{"line":48,"column":0},"end":{"line":48,"column":11}},"48":{"start":{"line":49,"column":0},"end":{"line":49,"column":7}},"50":{"start":{"line":51,"column":0},"end":{"line":51,"column":21}},"51":{"start":{"line":52,"column":0},"end":{"line":52,"column":42}},"52":{"start":{"line":53,"column":0},"end":{"line":53,"column":68}},"53":{"start":{"line":54,"column":0},"end":{"line":54,"column":44}},"54":{"start":{"line":55,"column":0},"end":{"line":55,"column":74}},"55":{"start":{"line":56,"column":0},"end":{"line":56,"column":41}},"56":{"start":{"line":57,"column":0},"end":{"line":57,"column":46}},"57":{"start":{"line":58,"column":0},"end":{"line":58,"column":63}},"58":{"start":{"line":59,"column":0},"end":{"line":59,"column":17}},"59":{"start":{"line":60,"column":0},"end":{"line":60,"column":13}},"60":{"start":{"line":61,"column":0},"end":{"line":61,"column":33}},"61":{"start":{"line":62,"column":0},"end":{"line":62,"column":11}},"62":{"start":{"line":63,"column":0},"end":{"line":63,"column":29}},"64":{"start":{"line":65,"column":0},"end":{"line":65,"column":21}},"65":{"start":{"line":66,"column":0},"end":{"line":66,"column":43}},"66":{"start":{"line":67,"column":0},"end":{"line":67,"column":74}},"67":{"start":{"line":68,"column":0},"end":{"line":68,"column":69}},"68":{"start":{"line":69,"column":0},"end":{"line":69,"column":44}},"70":{"start":{"line":71,"column":0},"end":{"line":71,"column":58}},"71":{"start":{"line":72,"column":0},"end":{"line":72,"column":57}},"72":{"start":{"line":73,"column":0},"end":{"line":73,"column":57}},"73":{"start":{"line":74,"column":0},"end":{"line":74,"column":20}},"74":{"start":{"line":75,"column":0},"end":{"line":75,"column":15}},"76":{"start":{"line":77,"column":0},"end":{"line":77,"column":67}},"77":{"start":{"line":78,"column":0},"end":{"line":78,"column":53}},"78":{"start":{"line":79,"column":0},"end":{"line":79,"column":41}},"79":{"start":{"line":80,"column":0},"end":{"line":80,"column":41}},"80":{"start":{"line":81,"column":0},"end":{"line":81,"column":111}},"82":{"start":{"line":83,"column":0},"end":{"line":83,"column":13}},"83":{"start":{"line":84,"column":0},"end":{"line":84,"column":89}},"84":{"start":{"line":85,"column":0},"end":{"line":85,"column":28}},"85":{"start":{"line":86,"column":0},"end":{"line":86,"column":71}},"86":{"start":{"line":87,"column":0},"end":{"line":87,"column":23}},"87":{"start":{"line":88,"column":0},"end":{"line":88,"column":13}},"89":{"start":{"line":90,"column":0},"end":{"line":90,"column":47}},"90":{"start":{"line":91,"column":0},"end":{"line":91,"column":42}},"91":{"start":{"line":92,"column":0},"end":{"line":92,"column":25}},"92":{"start":{"line":93,"column":0},"end":{"line":93,"column":40}},"93":{"start":{"line":94,"column":0},"end":{"line":94,"column":35}},"94":{"start":{"line":95,"column":0},"end":{"line":95,"column":15}},"96":{"start":{"line":97,"column":0},"end":{"line":97,"column":52}},"97":{"start":{"line":98,"column":0},"end":{"line":98,"column":53}},"98":{"start":{"line":99,"column":0},"end":{"line":99,"column":20}},"99":{"start":{"line":100,"column":0},"end":{"line":100,"column":117}},"100":{"start":{"line":101,"column":0},"end":{"line":101,"column":56}},"101":{"start":{"line":102,"column":0},"end":{"line":102,"column":13}},"102":{"start":{"line":103,"column":0},"end":{"line":103,"column":21}},"103":{"start":{"line":104,"column":0},"end":{"line":104,"column":53}},"104":{"start":{"line":105,"column":0},"end":{"line":105,"column":41}},"105":{"start":{"line":106,"column":0},"end":{"line":106,"column":100}},"106":{"start":{"line":107,"column":0},"end":{"line":107,"column":43}},"107":{"start":{"line":108,"column":0},"end":{"line":108,"column":108}},"108":{"start":{"line":109,"column":0},"end":{"line":109,"column":24}},"109":{"start":{"line":110,"column":0},"end":{"line":110,"column":119}},"110":{"start":{"line":111,"column":0},"end":{"line":111,"column":58}},"111":{"start":{"line":112,"column":0},"end":{"line":112,"column":74}},"112":{"start":{"line":113,"column":0},"end":{"line":113,"column":52}},"113":{"start":{"line":114,"column":0},"end":{"line":114,"column":21}},"114":{"start":{"line":115,"column":0},"end":{"line":115,"column":17}},"115":{"start":{"line":116,"column":0},"end":{"line":116,"column":20}},"116":{"start":{"line":117,"column":0},"end":{"line":117,"column":53}},"117":{"start":{"line":118,"column":0},"end":{"line":118,"column":13}},"118":{"start":{"line":119,"column":0},"end":{"line":119,"column":19}},"119":{"start":{"line":120,"column":0},"end":{"line":120,"column":48}},"120":{"start":{"line":121,"column":0},"end":{"line":121,"column":42}},"121":{"start":{"line":122,"column":0},"end":{"line":122,"column":9}},"122":{"start":{"line":123,"column":0},"end":{"line":123,"column":34}},"124":{"start":{"line":125,"column":0},"end":{"line":125,"column":21}},"125":{"start":{"line":126,"column":0},"end":{"line":126,"column":41}},"126":{"start":{"line":127,"column":0},"end":{"line":127,"column":85}},"127":{"start":{"line":128,"column":0},"end":{"line":128,"column":90}},"128":{"start":{"line":129,"column":0},"end":{"line":129,"column":33}},"129":{"start":{"line":130,"column":0},"end":{"line":130,"column":35}},"130":{"start":{"line":131,"column":0},"end":{"line":131,"column":11}},"131":{"start":{"line":132,"column":0},"end":{"line":132,"column":71}},"133":{"start":{"line":134,"column":0},"end":{"line":134,"column":42}},"134":{"start":{"line":135,"column":0},"end":{"line":135,"column":45}},"135":{"start":{"line":136,"column":0},"end":{"line":136,"column":20}},"136":{"start":{"line":137,"column":0},"end":{"line":137,"column":40}},"137":{"start":{"line":138,"column":0},"end":{"line":138,"column":47}},"138":{"start":{"line":139,"column":0},"end":{"line":139,"column":52}},"139":{"start":{"line":140,"column":0},"end":{"line":140,"column":10}},"140":{"start":{"line":141,"column":0},"end":{"line":141,"column":21}},"141":{"start":{"line":142,"column":0},"end":{"line":142,"column":6}},"143":{"start":{"line":144,"column":0},"end":{"line":144,"column":93}},"144":{"start":{"line":145,"column":0},"end":{"line":145,"column":37}},"145":{"start":{"line":146,"column":0},"end":{"line":146,"column":39}},"146":{"start":{"line":147,"column":0},"end":{"line":147,"column":56}},"147":{"start":{"line":148,"column":0},"end":{"line":148,"column":22}},"148":{"start":{"line":149,"column":0},"end":{"line":149,"column":21}},"149":{"start":{"line":150,"column":0},"end":{"line":150,"column":21}},"150":{"start":{"line":151,"column":0},"end":{"line":151,"column":29}},"151":{"start":{"line":152,"column":0},"end":{"line":152,"column":10}},"152":{"start":{"line":153,"column":0},"end":{"line":153,"column":53}},"153":{"start":{"line":154,"column":0},"end":{"line":154,"column":6}},"155":{"start":{"line":156,"column":0},"end":{"line":156,"column":89}},"156":{"start":{"line":157,"column":0},"end":{"line":157,"column":37}},"157":{"start":{"line":158,"column":0},"end":{"line":158,"column":36}},"158":{"start":{"line":159,"column":0},"end":{"line":159,"column":28}},"159":{"start":{"line":160,"column":0},"end":{"line":160,"column":28}},"160":{"start":{"line":161,"column":0},"end":{"line":161,"column":48}},"161":{"start":{"line":162,"column":0},"end":{"line":162,"column":11}},"162":{"start":{"line":163,"column":0},"end":{"line":163,"column":29}},"164":{"start":{"line":165,"column":0},"end":{"line":165,"column":107}},"165":{"start":{"line":166,"column":0},"end":{"line":166,"column":21}},"166":{"start":{"line":167,"column":0},"end":{"line":167,"column":56}},"167":{"start":{"line":168,"column":0},"end":{"line":168,"column":39}},"168":{"start":{"line":169,"column":0},"end":{"line":169,"column":12}},"170":{"start":{"line":171,"column":0},"end":{"line":171,"column":57}},"171":{"start":{"line":172,"column":0},"end":{"line":172,"column":48}},"172":{"start":{"line":173,"column":0},"end":{"line":173,"column":6}},"174":{"start":{"line":175,"column":0},"end":{"line":175,"column":33}},"175":{"start":{"line":176,"column":0},"end":{"line":176,"column":63}},"176":{"start":{"line":177,"column":0},"end":{"line":177,"column":6}},"178":{"start":{"line":179,"column":0},"end":{"line":179,"column":29}},"179":{"start":{"line":180,"column":0},"end":{"line":180,"column":31}},"180":{"start":{"line":181,"column":0},"end":{"line":181,"column":89}},"181":{"start":{"line":182,"column":0},"end":{"line":182,"column":43}},"182":{"start":{"line":183,"column":0},"end":{"line":183,"column":45}},"183":{"start":{"line":184,"column":0},"end":{"line":184,"column":82}},"184":{"start":{"line":185,"column":0},"end":{"line":185,"column":15}},"185":{"start":{"line":186,"column":0},"end":{"line":186,"column":25}},"186":{"start":{"line":187,"column":0},"end":{"line":187,"column":11}},"187":{"start":{"line":188,"column":0},"end":{"line":188,"column":30}},"188":{"start":{"line":189,"column":0},"end":{"line":189,"column":6}},"190":{"start":{"line":191,"column":0},"end":{"line":191,"column":40}},"191":{"start":{"line":192,"column":0},"end":{"line":192,"column":31}},"192":{"start":{"line":193,"column":0},"end":{"line":193,"column":92}},"193":{"start":{"line":194,"column":0},"end":{"line":194,"column":33}},"194":{"start":{"line":195,"column":0},"end":{"line":195,"column":57}},"195":{"start":{"line":196,"column":0},"end":{"line":196,"column":94}},"196":{"start":{"line":197,"column":0},"end":{"line":197,"column":13}},"197":{"start":{"line":198,"column":0},"end":{"line":198,"column":25}},"198":{"start":{"line":199,"column":0},"end":{"line":199,"column":11}},"199":{"start":{"line":200,"column":0},"end":{"line":200,"column":6}},"201":{"start":{"line":202,"column":0},"end":{"line":202,"column":39}},"202":{"start":{"line":203,"column":0},"end":{"line":203,"column":37}},"203":{"start":{"line":204,"column":0},"end":{"line":204,"column":61}},"204":{"start":{"line":205,"column":0},"end":{"line":205,"column":6}},"206":{"start":{"line":207,"column":0},"end":{"line":207,"column":12}},"207":{"start":{"line":208,"column":0},"end":{"line":208,"column":22}},"208":{"start":{"line":209,"column":0},"end":{"line":209,"column":22}},"209":{"start":{"line":210,"column":0},"end":{"line":210,"column":26}},"210":{"start":{"line":211,"column":0},"end":{"line":211,"column":22}},"211":{"start":{"line":212,"column":0},"end":{"line":212,"column":18}},"212":{"start":{"line":213,"column":0},"end":{"line":213,"column":19}},"213":{"start":{"line":214,"column":0},"end":{"line":214,"column":18}},"214":{"start":{"line":215,"column":0},"end":{"line":215,"column":6}},"215":{"start":{"line":216,"column":0},"end":{"line":216,"column":1}}},"s":{"0":1,"1":1,"2":1,"3":1,"5":1,"7":1,"8":1,"9":1,"17":1,"19":1,"20":66,"21":66,"28":66,"29":66,"30":66,"31":66,"32":66,"33":66,"35":66,"38":66,"39":1,"40":1,"41":1,"42":1,"43":1,"44":1,"45":1,"46":1,"47":1,"48":66,"50":66,"51":20,"52":3,"53":3,"54":3,"55":3,"56":3,"57":3,"58":3,"59":3,"60":3,"61":3,"62":66,"64":66,"65":63,"66":4,"67":4,"68":66,"70":66,"71":96,"72":96,"73":85,"74":66,"76":66,"77":17,"78":17,"79":17,"80":17,"82":17,"83":17,"84":17,"85":1,"86":1,"87":1,"89":16,"90":16,"91":16,"92":16,"93":16,"94":16,"96":17,"97":0,"98":17,"99":5,"100":5,"101":5,"102":17,"103":4,"104":4,"105":4,"106":4,"107":1,"108":4,"109":3,"110":3,"111":3,"112":1,"113":1,"114":3,"115":4,"116":0,"117":0,"118":17,"119":10,"120":10,"121":10,"122":66,"124":66,"125":63,"126":58,"127":58,"128":58,"129":17,"130":58,"131":66,"133":66,"134":16,"135":1,"136":1,"137":1,"138":0,"139":16,"140":16,"141":16,"143":66,"144":14,"145":13,"146":13,"147":13,"148":13,"149":13,"150":13,"151":13,"152":13,"153":14,"155":66,"156":1,"157":1,"158":1,"159":1,"160":1,"161":1,"162":1,"164":1,"165":2,"166":2,"167":2,"168":1,"170":1,"171":1,"172":1,"174":66,"175":2,"176":2,"178":66,"179":1,"180":1,"181":1,"182":1,"183":1,"184":1,"185":1,"186":1,"187":1,"188":1,"190":66,"191":1,"192":1,"193":1,"194":1,"195":1,"196":1,"197":1,"198":1,"199":1,"201":66,"202":1,"203":1,"204":1,"206":66,"207":66,"208":66,"209":66,"210":66,"211":66,"212":66,"213":66,"214":66,"215":66},"branchMap":{"0":{"type":"branch","line":20,"loc":{"start":{"line":20,"column":7},"end":{"line":216,"column":1}},"locations":[{"start":{"line":20,"column":7},"end":{"line":216,"column":1}}]},"1":{"type":"branch","line":36,"loc":{"start":{"line":36,"column":60},"end":{"line":36,"column":87}},"locations":[{"start":{"line":36,"column":60},"end":{"line":36,"column":87}}]},"2":{"type":"branch","line":39,"loc":{"start":{"line":39,"column":45},"end":{"line":49,"column":5}},"locations":[{"start":{"line":39,"column":45},"end":{"line":49,"column":5}}]},"3":{"type":"branch","line":40,"loc":{"start":{"line":40,"column":25},"end":{"line":48,"column":9}},"locations":[{"start":{"line":40,"column":25},"end":{"line":48,"column":9}}]},"4":{"type":"branch","line":40,"loc":{"start":{"line":40,"column":36},"end":{"line":47,"column":17}},"locations":[{"start":{"line":40,"column":36},"end":{"line":47,"column":17}}]},"5":{"type":"branch","line":47,"loc":{"start":{"line":47,"column":12},"end":{"line":47,"column":17}},"locations":[{"start":{"line":47,"column":12},"end":{"line":47,"column":17}}]},"6":{"type":"branch","line":51,"loc":{"start":{"line":51,"column":14},"end":{"line":63,"column":7}},"locations":[{"start":{"line":51,"column":14},"end":{"line":63,"column":7}}]},"7":{"type":"branch","line":52,"loc":{"start":{"line":52,"column":13},"end":{"line":52,"column":35}},"locations":[{"start":{"line":52,"column":13},"end":{"line":52,"column":35}}]},"8":{"type":"branch","line":52,"loc":{"start":{"line":52,"column":35},"end":{"line":52,"column":42}},"locations":[{"start":{"line":52,"column":35},"end":{"line":52,"column":42}}]},"9":{"type":"branch","line":52,"loc":{"start":{"line":52,"column":35},"end":{"line":62,"column":11}},"locations":[{"start":{"line":52,"column":35},"end":{"line":62,"column":11}}]},"10":{"type":"branch","line":53,"loc":{"start":{"line":53,"column":56},"end":{"line":62,"column":9}},"locations":[{"start":{"line":53,"column":56},"end":{"line":62,"column":9}}]},"11":{"type":"branch","line":55,"loc":{"start":{"line":55,"column":45},"end":{"line":55,"column":72}},"locations":[{"start":{"line":55,"column":45},"end":{"line":55,"column":72}}]},"12":{"type":"branch","line":65,"loc":{"start":{"line":65,"column":14},"end":{"line":69,"column":7}},"locations":[{"start":{"line":65,"column":14},"end":{"line":69,"column":7}}]},"13":{"type":"branch","line":66,"loc":{"start":{"line":66,"column":13},"end":{"line":66,"column":36}},"locations":[{"start":{"line":66,"column":13},"end":{"line":66,"column":36}}]},"14":{"type":"branch","line":66,"loc":{"start":{"line":66,"column":36},"end":{"line":66,"column":43}},"locations":[{"start":{"line":66,"column":36},"end":{"line":66,"column":43}}]},"15":{"type":"branch","line":66,"loc":{"start":{"line":66,"column":36},"end":{"line":68,"column":69}},"locations":[{"start":{"line":66,"column":36},"end":{"line":68,"column":69}}]},"16":{"type":"branch","line":67,"loc":{"start":{"line":67,"column":45},"end":{"line":67,"column":72}},"locations":[{"start":{"line":67,"column":45},"end":{"line":67,"column":72}}]},"17":{"type":"branch","line":68,"loc":{"start":{"line":68,"column":49},"end":{"line":68,"column":67}},"locations":[{"start":{"line":68,"column":49},"end":{"line":68,"column":67}}]},"18":{"type":"branch","line":71,"loc":{"start":{"line":71,"column":42},"end":{"line":75,"column":7}},"locations":[{"start":{"line":71,"column":42},"end":{"line":75,"column":7}}]},"19":{"type":"branch","line":72,"loc":{"start":{"line":72,"column":12},"end":{"line":72,"column":31}},"locations":[{"start":{"line":72,"column":12},"end":{"line":72,"column":31}}]},"20":{"type":"branch","line":72,"loc":{"start":{"line":72,"column":31},"end":{"line":72,"column":57}},"locations":[{"start":{"line":72,"column":31},"end":{"line":72,"column":57}}]},"21":{"type":"branch","line":72,"loc":{"start":{"line":72,"column":55},"end":{"line":73,"column":18}},"locations":[{"start":{"line":72,"column":55},"end":{"line":73,"column":18}}]},"22":{"type":"branch","line":73,"loc":{"start":{"line":73,"column":12},"end":{"line":73,"column":31}},"locations":[{"start":{"line":73,"column":12},"end":{"line":73,"column":31}}]},"23":{"type":"branch","line":73,"loc":{"start":{"line":73,"column":31},"end":{"line":73,"column":57}},"locations":[{"start":{"line":73,"column":31},"end":{"line":73,"column":57}}]},"24":{"type":"branch","line":73,"loc":{"start":{"line":73,"column":55},"end":{"line":74,"column":20}},"locations":[{"start":{"line":73,"column":55},"end":{"line":74,"column":20}}]},"25":{"type":"branch","line":77,"loc":{"start":{"line":77,"column":36},"end":{"line":123,"column":7}},"locations":[{"start":{"line":77,"column":36},"end":{"line":123,"column":7}}]},"26":{"type":"branch","line":78,"loc":{"start":{"line":78,"column":46},"end":{"line":78,"column":53}},"locations":[{"start":{"line":78,"column":46},"end":{"line":78,"column":53}}]},"27":{"type":"branch","line":79,"loc":{"start":{"line":79,"column":34},"end":{"line":79,"column":41}},"locations":[{"start":{"line":79,"column":34},"end":{"line":79,"column":41}}]},"28":{"type":"branch","line":84,"loc":{"start":{"line":84,"column":34},"end":{"line":84,"column":89}},"locations":[{"start":{"line":84,"column":34},"end":{"line":84,"column":89}}]},"29":{"type":"branch","line":84,"loc":{"start":{"line":84,"column":87},"end":{"line":85,"column":27}},"locations":[{"start":{"line":84,"column":87},"end":{"line":85,"column":27}}]},"30":{"type":"branch","line":85,"loc":{"start":{"line":85,"column":27},"end":{"line":88,"column":13}},"locations":[{"start":{"line":85,"column":27},"end":{"line":88,"column":13}}]},"31":{"type":"branch","line":88,"loc":{"start":{"line":88,"column":12},"end":{"line":95,"column":15}},"locations":[{"start":{"line":88,"column":12},"end":{"line":95,"column":15}}]},"32":{"type":"branch","line":95,"loc":{"start":{"line":95,"column":13},"end":{"line":97,"column":51}},"locations":[{"start":{"line":95,"column":13},"end":{"line":97,"column":51}}]},"33":{"type":"branch","line":97,"loc":{"start":{"line":97,"column":51},"end":{"line":99,"column":19}},"locations":[{"start":{"line":97,"column":51},"end":{"line":99,"column":19}}]},"34":{"type":"branch","line":99,"loc":{"start":{"line":99,"column":12},"end":{"line":102,"column":13}},"locations":[{"start":{"line":99,"column":12},"end":{"line":102,"column":13}}]},"35":{"type":"branch","line":103,"loc":{"start":{"line":103,"column":8},"end":{"line":119,"column":10}},"locations":[{"start":{"line":103,"column":8},"end":{"line":119,"column":10}}]},"36":{"type":"branch","line":107,"loc":{"start":{"line":107,"column":42},"end":{"line":109,"column":23}},"locations":[{"start":{"line":107,"column":42},"end":{"line":109,"column":23}}]},"37":{"type":"branch","line":109,"loc":{"start":{"line":109,"column":16},"end":{"line":115,"column":17}},"locations":[{"start":{"line":109,"column":16},"end":{"line":115,"column":17}}]},"38":{"type":"branch","line":112,"loc":{"start":{"line":112,"column":33},"end":{"line":112,"column":73}},"locations":[{"start":{"line":112,"column":33},"end":{"line":112,"column":73}}]},"39":{"type":"branch","line":112,"loc":{"start":{"line":112,"column":73},"end":{"line":114,"column":21}},"locations":[{"start":{"line":112,"column":73},"end":{"line":114,"column":21}}]},"40":{"type":"branch","line":116,"loc":{"start":{"line":116,"column":12},"end":{"line":118,"column":13}},"locations":[{"start":{"line":116,"column":12},"end":{"line":118,"column":13}}]},"41":{"type":"branch","line":119,"loc":{"start":{"line":119,"column":8},"end":{"line":119,"column":10}},"locations":[{"start":{"line":119,"column":8},"end":{"line":119,"column":10}}]},"42":{"type":"branch","line":119,"loc":{"start":{"line":119,"column":8},"end":{"line":122,"column":9}},"locations":[{"start":{"line":119,"column":8},"end":{"line":122,"column":9}}]},"43":{"type":"branch","line":81,"loc":{"start":{"line":81,"column":25},"end":{"line":81,"column":109}},"locations":[{"start":{"line":81,"column":25},"end":{"line":81,"column":109}}]},"44":{"type":"branch","line":81,"loc":{"start":{"line":81,"column":36},"end":{"line":81,"column":108}},"locations":[{"start":{"line":81,"column":36},"end":{"line":81,"column":108}}]},"45":{"type":"branch","line":81,"loc":{"start":{"line":81,"column":55},"end":{"line":81,"column":107}},"locations":[{"start":{"line":81,"column":55},"end":{"line":81,"column":107}}]},"46":{"type":"branch","line":81,"loc":{"start":{"line":81,"column":103},"end":{"line":81,"column":108}},"locations":[{"start":{"line":81,"column":103},"end":{"line":81,"column":108}}]},"47":{"type":"branch","line":86,"loc":{"start":{"line":86,"column":33},"end":{"line":86,"column":69}},"locations":[{"start":{"line":86,"column":33},"end":{"line":86,"column":69}}]},"48":{"type":"branch","line":86,"loc":{"start":{"line":86,"column":47},"end":{"line":86,"column":68}},"locations":[{"start":{"line":86,"column":47},"end":{"line":86,"column":68}}]},"49":{"type":"branch","line":100,"loc":{"start":{"line":100,"column":33},"end":{"line":100,"column":115}},"locations":[{"start":{"line":100,"column":33},"end":{"line":100,"column":115}}]},"50":{"type":"branch","line":100,"loc":{"start":{"line":100,"column":44},"end":{"line":100,"column":114}},"locations":[{"start":{"line":100,"column":44},"end":{"line":100,"column":114}}]},"51":{"type":"branch","line":100,"loc":{"start":{"line":100,"column":63},"end":{"line":100,"column":113}},"locations":[{"start":{"line":100,"column":63},"end":{"line":100,"column":113}}]},"52":{"type":"branch","line":100,"loc":{"start":{"line":100,"column":109},"end":{"line":100,"column":114}},"locations":[{"start":{"line":100,"column":109},"end":{"line":100,"column":114}}]},"53":{"type":"branch","line":108,"loc":{"start":{"line":108,"column":37},"end":{"line":108,"column":106}},"locations":[{"start":{"line":108,"column":37},"end":{"line":108,"column":106}}]},"54":{"type":"branch","line":108,"loc":{"start":{"line":108,"column":48},"end":{"line":108,"column":105}},"locations":[{"start":{"line":108,"column":48},"end":{"line":108,"column":105}}]},"55":{"type":"branch","line":108,"loc":{"start":{"line":108,"column":100},"end":{"line":108,"column":105}},"locations":[{"start":{"line":108,"column":100},"end":{"line":108,"column":105}}]},"56":{"type":"branch","line":110,"loc":{"start":{"line":110,"column":37},"end":{"line":110,"column":117}},"locations":[{"start":{"line":110,"column":37},"end":{"line":110,"column":117}}]},"57":{"type":"branch","line":110,"loc":{"start":{"line":110,"column":48},"end":{"line":110,"column":116}},"locations":[{"start":{"line":110,"column":48},"end":{"line":110,"column":116}}]},"58":{"type":"branch","line":110,"loc":{"start":{"line":110,"column":67},"end":{"line":110,"column":115}},"locations":[{"start":{"line":110,"column":67},"end":{"line":110,"column":115}}]},"59":{"type":"branch","line":110,"loc":{"start":{"line":110,"column":111},"end":{"line":110,"column":116}},"locations":[{"start":{"line":110,"column":111},"end":{"line":110,"column":116}}]},"60":{"type":"branch","line":121,"loc":{"start":{"line":121,"column":29},"end":{"line":121,"column":40}},"locations":[{"start":{"line":121,"column":29},"end":{"line":121,"column":40}}]},"61":{"type":"branch","line":125,"loc":{"start":{"line":125,"column":14},"end":{"line":132,"column":7}},"locations":[{"start":{"line":125,"column":14},"end":{"line":132,"column":7}}]},"62":{"type":"branch","line":126,"loc":{"start":{"line":126,"column":34},"end":{"line":126,"column":41}},"locations":[{"start":{"line":126,"column":34},"end":{"line":126,"column":41}}]},"63":{"type":"branch","line":126,"loc":{"start":{"line":126,"column":34},"end":{"line":131,"column":11}},"locations":[{"start":{"line":126,"column":34},"end":{"line":131,"column":11}}]},"64":{"type":"branch","line":129,"loc":{"start":{"line":129,"column":24},"end":{"line":131,"column":9}},"locations":[{"start":{"line":129,"column":24},"end":{"line":131,"column":9}}]},"65":{"type":"branch","line":134,"loc":{"start":{"line":134,"column":26},"end":{"line":142,"column":6}},"locations":[{"start":{"line":134,"column":26},"end":{"line":142,"column":6}}]},"66":{"type":"branch","line":135,"loc":{"start":{"line":135,"column":33},"end":{"line":135,"column":45}},"locations":[{"start":{"line":135,"column":33},"end":{"line":135,"column":45}}]},"67":{"type":"branch","line":135,"loc":{"start":{"line":135,"column":40},"end":{"line":137,"column":40}},"locations":[{"start":{"line":135,"column":40},"end":{"line":137,"column":40}}]},"68":{"type":"branch","line":137,"loc":{"start":{"line":137,"column":18},"end":{"line":138,"column":47}},"locations":[{"start":{"line":137,"column":18},"end":{"line":138,"column":47}}]},"69":{"type":"branch","line":138,"loc":{"start":{"line":138,"column":25},"end":{"line":139,"column":52}},"locations":[{"start":{"line":138,"column":25},"end":{"line":139,"column":52}}]},"70":{"type":"branch","line":144,"loc":{"start":{"line":144,"column":26},"end":{"line":154,"column":6}},"locations":[{"start":{"line":144,"column":26},"end":{"line":154,"column":6}}]},"71":{"type":"branch","line":145,"loc":{"start":{"line":145,"column":30},"end":{"line":145,"column":37}},"locations":[{"start":{"line":145,"column":30},"end":{"line":145,"column":37}}]},"72":{"type":"branch","line":145,"loc":{"start":{"line":145,"column":30},"end":{"line":153,"column":53}},"locations":[{"start":{"line":145,"column":30},"end":{"line":153,"column":53}}]},"73":{"type":"branch","line":153,"loc":{"start":{"line":153,"column":25},"end":{"line":153,"column":51}},"locations":[{"start":{"line":153,"column":25},"end":{"line":153,"column":51}}]},"74":{"type":"branch","line":156,"loc":{"start":{"line":156,"column":30},"end":{"line":173,"column":6}},"locations":[{"start":{"line":156,"column":30},"end":{"line":173,"column":6}}]},"75":{"type":"branch","line":157,"loc":{"start":{"line":157,"column":30},"end":{"line":157,"column":37}},"locations":[{"start":{"line":157,"column":30},"end":{"line":157,"column":37}}]},"76":{"type":"branch","line":163,"loc":{"start":{"line":163,"column":22},"end":{"line":163,"column":29}},"locations":[{"start":{"line":163,"column":22},"end":{"line":163,"column":29}}]},"77":{"type":"branch","line":165,"loc":{"start":{"line":165,"column":94},"end":{"line":169,"column":10}},"locations":[{"start":{"line":165,"column":94},"end":{"line":169,"column":10}}]},"78":{"type":"branch","line":171,"loc":{"start":{"line":171,"column":25},"end":{"line":171,"column":55}},"locations":[{"start":{"line":171,"column":25},"end":{"line":171,"column":55}}]},"79":{"type":"branch","line":175,"loc":{"start":{"line":175,"column":26},"end":{"line":177,"column":6}},"locations":[{"start":{"line":175,"column":26},"end":{"line":177,"column":6}}]},"80":{"type":"branch","line":176,"loc":{"start":{"line":176,"column":25},"end":{"line":176,"column":61}},"locations":[{"start":{"line":176,"column":25},"end":{"line":176,"column":61}}]},"81":{"type":"branch","line":179,"loc":{"start":{"line":179,"column":22},"end":{"line":189,"column":6}},"locations":[{"start":{"line":179,"column":22},"end":{"line":189,"column":6}}]},"82":{"type":"branch","line":180,"loc":{"start":{"line":180,"column":25},"end":{"line":187,"column":9}},"locations":[{"start":{"line":180,"column":25},"end":{"line":187,"column":9}}]},"83":{"type":"branch","line":182,"loc":{"start":{"line":182,"column":36},"end":{"line":185,"column":13}},"locations":[{"start":{"line":182,"column":36},"end":{"line":185,"column":13}}]},"84":{"type":"branch","line":191,"loc":{"start":{"line":191,"column":23},"end":{"line":200,"column":6}},"locations":[{"start":{"line":191,"column":23},"end":{"line":200,"column":6}}]},"85":{"type":"branch","line":192,"loc":{"start":{"line":192,"column":25},"end":{"line":199,"column":9}},"locations":[{"start":{"line":192,"column":25},"end":{"line":199,"column":9}}]},"86":{"type":"branch","line":202,"loc":{"start":{"line":202,"column":22},"end":{"line":205,"column":6}},"locations":[{"start":{"line":202,"column":22},"end":{"line":205,"column":6}}]},"87":{"type":"branch","line":203,"loc":{"start":{"line":203,"column":30},"end":{"line":203,"column":37}},"locations":[{"start":{"line":203,"column":30},"end":{"line":203,"column":37}}]},"88":{"type":"branch","line":204,"loc":{"start":{"line":204,"column":25},"end":{"line":204,"column":59}},"locations":[{"start":{"line":204,"column":25},"end":{"line":204,"column":59}}]}},"b":{"0":[66],"1":[0],"2":[1],"3":[1],"4":[1],"5":[0],"6":[20],"7":[6],"8":[17],"9":[3],"10":[3],"11":[3],"12":[63],"13":[7],"14":[59],"15":[4],"16":[4],"17":[4],"18":[96],"19":[17],"20":[5],"21":[91],"22":[12],"23":[6],"24":[85],"25":[17],"26":[0],"27":[0],"28":[14],"29":[14],"30":[1],"31":[16],"32":[5],"33":[0],"34":[5],"35":[4],"36":[1],"37":[3],"38":[1],"39":[1],"40":[0],"41":[9],"42":[10],"43":[17],"44":[21],"45":[17],"46":[4],"47":[1],"48":[1],"49":[5],"50":[6],"51":[5],"52":[1],"53":[1],"54":[1],"55":[0],"56":[3],"57":[4],"58":[3],"59":[1],"60":[10],"61":[63],"62":[5],"63":[58],"64":[17],"65":[16],"66":[15],"67":[1],"68":[1],"69":[0],"70":[14],"71":[1],"72":[13],"73":[13],"74":[1],"75":[0],"76":[0],"77":[2],"78":[1],"79":[2],"80":[2],"81":[1],"82":[1],"83":[1],"84":[1],"85":[1],"86":[1],"87":[0],"88":[1]},"fnMap":{"0":{"name":"useFileDownload","decl":{"start":{"line":20,"column":7},"end":{"line":216,"column":1}},"loc":{"start":{"line":20,"column":7},"end":{"line":216,"column":1}},"line":20},"1":{"name":"guardDownload","decl":{"start":{"line":134,"column":26},"end":{"line":142,"column":6}},"loc":{"start":{"line":134,"column":26},"end":{"line":142,"column":6}},"line":134},"2":{"name":"queueDownload","decl":{"start":{"line":144,"column":26},"end":{"line":154,"column":6}},"loc":{"start":{"line":144,"column":26},"end":{"line":154,"column":6}},"line":144},"3":{"name":"queueBulkDownload","decl":{"start":{"line":156,"column":30},"end":{"line":173,"column":6}},"loc":{"start":{"line":156,"column":30},"end":{"line":173,"column":6}},"line":156},"4":{"name":"clearFinished","decl":{"start":{"line":175,"column":26},"end":{"line":177,"column":6}},"loc":{"start":{"line":175,"column":26},"end":{"line":177,"column":6}},"line":175},"5":{"name":"cancelAll","decl":{"start":{"line":179,"column":22},"end":{"line":189,"column":6}},"loc":{"start":{"line":179,"column":22},"end":{"line":189,"column":6}},"line":179},"6":{"name":"cancelItem","decl":{"start":{"line":191,"column":23},"end":{"line":200,"column":6}},"loc":{"start":{"line":191,"column":23},"end":{"line":200,"column":6}},"line":191},"7":{"name":"retryItem","decl":{"start":{"line":202,"column":22},"end":{"line":205,"column":6}},"loc":{"start":{"line":202,"column":22},"end":{"line":205,"column":6}},"line":202}},"f":{"0":66,"1":16,"2":14,"3":1,"4":2,"5":1,"6":1,"7":1}}
,"C:\\Users\\Administrator.DESKTOP-EGNE9ND\\Desktop\\寻雷科技产品（AI模块独立应用）\\寻雷科技无限储存oss\\Telegram-Drive\\app\\src\\hooks\\useFileOperations.ts": {"path":"C:\\Users\\Administrator.DESKTOP-EGNE9ND\\Desktop\\寻雷科技产品（AI模块独立应用）\\寻雷科技无限储存oss\\Telegram-Drive\\app\\src\\hooks\\useFileOperations.ts","all":false,"statementMap":{"0":{"start":{"line":1,"column":0},"end":{"line":1,"column":36}},"1":{"start":{"line":2,"column":0},"end":{"line":2,"column":46}},"2":{"start":{"line":3,"column":0},"end":{"line":3,"column":55}},"3":{"start":{"line":4,"column":0},"end":{"line":4,"column":31}},"4":{"start":{"line":5,"column":0},"end":{"line":5,"column":55}},"6":{"start":{"line":7,"column":0},"end":{"line":7,"column":59}},"7":{"start":{"line":8,"column":0},"end":{"line":8,"column":57}},"8":{"start":{"line":9,"column":0},"end":{"line":9,"column":8}},"14":{"start":{"line":15,"column":0},"end":{"line":15,"column":34}},"15":{"start":{"line":16,"column":0},"end":{"line":16,"column":34}},"16":{"start":{"line":17,"column":0},"end":{"line":17,"column":26}},"17":{"start":{"line":18,"column":0},"end":{"line":18,"column":44}},"18":{"start":{"line":19,"column":0},"end":{"line":19,"column":35}},"19":{"start":{"line":20,"column":0},"end":{"line":20,"column":90}},"20":{"start":{"line":21,"column":0},"end":{"line":21,"column":47}},"21":{"start":{"line":22,"column":0},"end":{"line":22,"column":12}},"33":{"start":{"line":34,"column":0},"end":{"line":34,"column":3}},"34":{"start":{"line":35,"column":0},"end":{"line":35,"column":41}},"35":{"start":{"line":36,"column":0},"end":{"line":36,"column":37}},"37":{"start":{"line":38,"column":0},"end":{"line":38,"column":54}},"38":{"start":{"line":39,"column":0},"end":{"line":39,"column":55}},"39":{"start":{"line":40,"column":0},"end":{"line":40,"column":73}},"40":{"start":{"line":41,"column":0},"end":{"line":41,"column":25}},"41":{"start":{"line":42,"column":0},"end":{"line":42,"column":9}},"42":{"start":{"line":43,"column":0},"end":{"line":43,"column":20}},"43":{"start":{"line":44,"column":0},"end":{"line":44,"column":15}},"45":{"start":{"line":46,"column":0},"end":{"line":46,"column":54}},"46":{"start":{"line":47,"column":0},"end":{"line":47,"column":65}},"47":{"start":{"line":48,"column":0},"end":{"line":48,"column":65}},"48":{"start":{"line":49,"column":0},"end":{"line":49,"column":20}},"49":{"start":{"line":50,"column":0},"end":{"line":50,"column":40}},"50":{"start":{"line":51,"column":0},"end":{"line":51,"column":47}},"51":{"start":{"line":52,"column":0},"end":{"line":52,"column":52}},"52":{"start":{"line":53,"column":0},"end":{"line":53,"column":10}},"53":{"start":{"line":54,"column":0},"end":{"line":54,"column":21}},"54":{"start":{"line":55,"column":0},"end":{"line":55,"column":15}},"56":{"start":{"line":57,"column":0},"end":{"line":57,"column":52}},"57":{"start":{"line":58,"column":0},"end":{"line":58,"column":65}},"58":{"start":{"line":59,"column":0},"end":{"line":59,"column":71}},"59":{"start":{"line":60,"column":0},"end":{"line":60,"column":20}},"60":{"start":{"line":61,"column":0},"end":{"line":61,"column":42}},"61":{"start":{"line":62,"column":0},"end":{"line":62,"column":46}},"62":{"start":{"line":63,"column":0},"end":{"line":63,"column":51}},"63":{"start":{"line":64,"column":0},"end":{"line":64,"column":10}},"64":{"start":{"line":65,"column":0},"end":{"line":65,"column":21}},"65":{"start":{"line":66,"column":0},"end":{"line":66,"column":15}},"67":{"start":{"line":68,"column":0},"end":{"line":68,"column":54}},"68":{"start":{"line":69,"column":0},"end":{"line":69,"column":43}},"69":{"start":{"line":70,"column":0},"end":{"line":70,"column":55}},"70":{"start":{"line":71,"column":0},"end":{"line":71,"column":24}},"71":{"start":{"line":72,"column":0},"end":{"line":72,"column":63}},"72":{"start":{"line":73,"column":0},"end":{"line":73,"column":14}},"73":{"start":{"line":74,"column":0},"end":{"line":74,"column":25}},"74":{"start":{"line":75,"column":0},"end":{"line":75,"column":9}},"75":{"start":{"line":76,"column":0},"end":{"line":76,"column":20}},"76":{"start":{"line":77,"column":0},"end":{"line":77,"column":30}},"78":{"start":{"line":79,"column":0},"end":{"line":79,"column":69}},"79":{"start":{"line":80,"column":0},"end":{"line":80,"column":33}},"80":{"start":{"line":81,"column":0},"end":{"line":81,"column":51}},"81":{"start":{"line":82,"column":0},"end":{"line":82,"column":59}},"82":{"start":{"line":83,"column":0},"end":{"line":83,"column":35}},"83":{"start":{"line":84,"column":0},"end":{"line":84,"column":9}},"84":{"start":{"line":85,"column":0},"end":{"line":85,"column":25}},"86":{"start":{"line":87,"column":0},"end":{"line":87,"column":68}},"87":{"start":{"line":88,"column":0},"end":{"line":88,"column":61}},"88":{"start":{"line":89,"column":0},"end":{"line":89,"column":63}},"89":{"start":{"line":90,"column":0},"end":{"line":90,"column":41}},"91":{"start":{"line":92,"column":0},"end":{"line":92,"column":60}},"92":{"start":{"line":93,"column":0},"end":{"line":93,"column":35}},"93":{"start":{"line":94,"column":0},"end":{"line":94,"column":158}},"95":{"start":{"line":96,"column":0},"end":{"line":96,"column":13}},"96":{"start":{"line":97,"column":0},"end":{"line":97,"column":90}},"97":{"start":{"line":98,"column":0},"end":{"line":98,"column":90}},"98":{"start":{"line":99,"column":0},"end":{"line":99,"column":67}},"99":{"start":{"line":100,"column":0},"end":{"line":100,"column":35}},"100":{"start":{"line":101,"column":0},"end":{"line":101,"column":41}},"101":{"start":{"line":102,"column":0},"end":{"line":102,"column":21}},"102":{"start":{"line":103,"column":0},"end":{"line":103,"column":37}},"103":{"start":{"line":104,"column":0},"end":{"line":104,"column":9}},"104":{"start":{"line":105,"column":0},"end":{"line":105,"column":76}},"106":{"start":{"line":107,"column":0},"end":{"line":107,"column":54}},"107":{"start":{"line":108,"column":0},"end":{"line":108,"column":35}},"108":{"start":{"line":109,"column":0},"end":{"line":109,"column":45}},"109":{"start":{"line":110,"column":0},"end":{"line":110,"column":181}},"111":{"start":{"line":112,"column":0},"end":{"line":112,"column":24}},"112":{"start":{"line":113,"column":0},"end":{"line":113,"column":21}},"113":{"start":{"line":114,"column":0},"end":{"line":114,"column":27}},"114":{"start":{"line":115,"column":0},"end":{"line":115,"column":40}},"116":{"start":{"line":117,"column":0},"end":{"line":117,"column":39}},"117":{"start":{"line":118,"column":0},"end":{"line":118,"column":17}},"118":{"start":{"line":119,"column":0},"end":{"line":119,"column":94}},"119":{"start":{"line":120,"column":0},"end":{"line":120,"column":94}},"120":{"start":{"line":121,"column":0},"end":{"line":121,"column":26}},"121":{"start":{"line":122,"column":0},"end":{"line":122,"column":36}},"122":{"start":{"line":123,"column":0},"end":{"line":123,"column":25}},"123":{"start":{"line":124,"column":0},"end":{"line":124,"column":23}},"124":{"start":{"line":125,"column":0},"end":{"line":125,"column":38}},"125":{"start":{"line":126,"column":0},"end":{"line":126,"column":13}},"126":{"start":{"line":127,"column":0},"end":{"line":127,"column":9}},"128":{"start":{"line":129,"column":0},"end":{"line":129,"column":77}},"129":{"start":{"line":130,"column":0},"end":{"line":130,"column":63}},"131":{"start":{"line":132,"column":0},"end":{"line":132,"column":36}},"132":{"start":{"line":133,"column":0},"end":{"line":133,"column":47}},"133":{"start":{"line":134,"column":0},"end":{"line":134,"column":9}},"134":{"start":{"line":135,"column":0},"end":{"line":135,"column":61}},"135":{"start":{"line":136,"column":0},"end":{"line":136,"column":23}},"136":{"start":{"line":137,"column":0},"end":{"line":137,"column":44}},"137":{"start":{"line":138,"column":0},"end":{"line":138,"column":66}},"138":{"start":{"line":139,"column":0},"end":{"line":139,"column":42}},"139":{"start":{"line":140,"column":0},"end":{"line":140,"column":13}},"140":{"start":{"line":141,"column":0},"end":{"line":141,"column":9}},"141":{"start":{"line":142,"column":0},"end":{"line":142,"column":108}},"143":{"start":{"line":144,"column":0},"end":{"line":144,"column":56}},"144":{"start":{"line":145,"column":0},"end":{"line":145,"column":37}},"145":{"start":{"line":146,"column":0},"end":{"line":146,"column":45}},"147":{"start":{"line":148,"column":0},"end":{"line":148,"column":85}},"148":{"start":{"line":149,"column":0},"end":{"line":149,"column":32}},"149":{"start":{"line":150,"column":0},"end":{"line":150,"column":65}},"150":{"start":{"line":151,"column":0},"end":{"line":151,"column":31}},"151":{"start":{"line":152,"column":0},"end":{"line":152,"column":19}},"152":{"start":{"line":153,"column":0},"end":{"line":153,"column":9}},"153":{"start":{"line":154,"column":0},"end":{"line":154,"column":31}},"154":{"start":{"line":155,"column":0},"end":{"line":155,"column":104}},"156":{"start":{"line":157,"column":0},"end":{"line":157,"column":105}},"157":{"start":{"line":158,"column":0},"end":{"line":158,"column":37}},"158":{"start":{"line":159,"column":0},"end":{"line":159,"column":45}},"160":{"start":{"line":161,"column":0},"end":{"line":161,"column":99}},"161":{"start":{"line":162,"column":0},"end":{"line":162,"column":88}},"162":{"start":{"line":163,"column":0},"end":{"line":163,"column":19}},"163":{"start":{"line":164,"column":0},"end":{"line":164,"column":27}},"164":{"start":{"line":165,"column":0},"end":{"line":165,"column":10}},"166":{"start":{"line":167,"column":0},"end":{"line":167,"column":37}},"167":{"start":{"line":168,"column":0},"end":{"line":168,"column":82}},"168":{"start":{"line":169,"column":0},"end":{"line":169,"column":67}},"169":{"start":{"line":170,"column":0},"end":{"line":170,"column":9}},"171":{"start":{"line":172,"column":0},"end":{"line":172,"column":57}},"172":{"start":{"line":173,"column":0},"end":{"line":173,"column":34}},"173":{"start":{"line":174,"column":0},"end":{"line":174,"column":60}},"174":{"start":{"line":175,"column":0},"end":{"line":175,"column":29}},"175":{"start":{"line":176,"column":0},"end":{"line":176,"column":79}},"176":{"start":{"line":177,"column":0},"end":{"line":177,"column":50}},"177":{"start":{"line":178,"column":0},"end":{"line":178,"column":75}},"178":{"start":{"line":179,"column":0},"end":{"line":179,"column":47}},"179":{"start":{"line":180,"column":0},"end":{"line":180,"column":43}},"180":{"start":{"line":181,"column":0},"end":{"line":181,"column":13}},"181":{"start":{"line":182,"column":0},"end":{"line":182,"column":33}},"182":{"start":{"line":183,"column":0},"end":{"line":183,"column":39}},"183":{"start":{"line":184,"column":0},"end":{"line":184,"column":9}},"185":{"start":{"line":186,"column":0},"end":{"line":186,"column":63}},"186":{"start":{"line":187,"column":0},"end":{"line":187,"column":73}},"187":{"start":{"line":188,"column":0},"end":{"line":188,"column":120}},"189":{"start":{"line":190,"column":0},"end":{"line":190,"column":58}},"190":{"start":{"line":191,"column":0},"end":{"line":191,"column":37}},"191":{"start":{"line":192,"column":0},"end":{"line":192,"column":42}},"192":{"start":{"line":193,"column":0},"end":{"line":193,"column":32}},"193":{"start":{"line":194,"column":0},"end":{"line":194,"column":19}},"194":{"start":{"line":195,"column":0},"end":{"line":195,"column":9}},"195":{"start":{"line":196,"column":0},"end":{"line":196,"column":32}},"196":{"start":{"line":197,"column":0},"end":{"line":197,"column":68}},"197":{"start":{"line":198,"column":0},"end":{"line":198,"column":19}},"198":{"start":{"line":199,"column":0},"end":{"line":199,"column":9}},"199":{"start":{"line":200,"column":0},"end":{"line":200,"column":31}},"200":{"start":{"line":201,"column":0},"end":{"line":201,"column":75}},"202":{"start":{"line":203,"column":0},"end":{"line":203,"column":12}},"203":{"start":{"line":204,"column":0},"end":{"line":204,"column":21}},"204":{"start":{"line":205,"column":0},"end":{"line":205,"column":25}},"205":{"start":{"line":206,"column":0},"end":{"line":206,"column":27}},"206":{"start":{"line":207,"column":0},"end":{"line":207,"column":23}},"207":{"start":{"line":208,"column":0},"end":{"line":208,"column":29}},"208":{"start":{"line":209,"column":0},"end":{"line":209,"column":6}},"209":{"start":{"line":210,"column":0},"end":{"line":210,"column":1}}},"s":{"0":1,"1":1,"2":1,"3":1,"4":1,"6":1,"7":1,"8":1,"14":1,"15":17,"16":17,"17":17,"18":17,"19":17,"20":17,"21":17,"33":17,"34":17,"35":17,"37":17,"38":7,"39":1,"40":1,"41":1,"42":6,"43":17,"45":17,"46":6,"47":6,"48":1,"49":1,"50":1,"51":0,"52":6,"53":6,"54":17,"56":17,"57":4,"58":4,"59":0,"60":0,"61":0,"62":0,"63":4,"64":4,"65":17,"67":17,"68":7,"69":7,"70":1,"71":1,"72":1,"73":1,"74":1,"75":5,"76":17,"78":17,"79":0,"80":0,"81":0,"82":0,"83":0,"84":17,"86":17,"87":4,"88":4,"89":17,"91":17,"92":2,"93":2,"95":1,"96":1,"97":1,"98":1,"99":1,"100":1,"101":2,"102":0,"103":0,"104":17,"106":17,"107":2,"108":2,"109":2,"111":2,"112":2,"113":2,"114":2,"116":2,"117":3,"118":3,"119":1,"120":1,"121":1,"122":3,"123":2,"124":2,"125":2,"126":3,"128":2,"129":2,"131":2,"132":1,"133":1,"134":2,"135":2,"136":2,"137":2,"138":1,"139":1,"140":2,"141":17,"143":17,"144":3,"145":2,"147":2,"148":3,"149":1,"150":1,"151":1,"152":1,"153":1,"154":17,"156":17,"157":7,"158":5,"160":5,"161":5,"162":5,"163":5,"164":5,"166":7,"167":3,"168":3,"169":3,"171":7,"172":7,"173":3,"174":1,"175":2,"176":3,"177":3,"178":3,"179":0,"180":0,"181":7,"182":1,"183":1,"185":5,"186":7,"187":17,"189":17,"190":3,"191":3,"192":1,"193":1,"194":1,"195":3,"196":1,"197":1,"198":1,"199":1,"200":17,"202":17,"203":17,"204":17,"205":17,"206":17,"207":17,"208":17,"209":17},"branchMap":{"0":{"type":"branch","line":15,"loc":{"start":{"line":15,"column":7},"end":{"line":210,"column":1}},"locations":[{"start":{"line":15,"column":7},"end":{"line":210,"column":1}}]},"1":{"type":"branch","line":38,"loc":{"start":{"line":38,"column":38},"end":{"line":44,"column":7}},"locations":[{"start":{"line":38,"column":38},"end":{"line":44,"column":7}}]},"2":{"type":"branch","line":39,"loc":{"start":{"line":39,"column":54},"end":{"line":42,"column":9}},"locations":[{"start":{"line":39,"column":54},"end":{"line":42,"column":9}}]},"3":{"type":"branch","line":40,"loc":{"start":{"line":40,"column":29},"end":{"line":40,"column":71}},"locations":[{"start":{"line":40,"column":29},"end":{"line":40,"column":71}}]},"4":{"type":"branch","line":42,"loc":{"start":{"line":42,"column":8},"end":{"line":43,"column":20}},"locations":[{"start":{"line":42,"column":8},"end":{"line":43,"column":20}}]},"5":{"type":"branch","line":46,"loc":{"start":{"line":46,"column":38},"end":{"line":55,"column":7}},"locations":[{"start":{"line":46,"column":38},"end":{"line":55,"column":7}}]},"6":{"type":"branch","line":47,"loc":{"start":{"line":47,"column":18},"end":{"line":47,"column":53}},"locations":[{"start":{"line":47,"column":18},"end":{"line":47,"column":53}}]},"7":{"type":"branch","line":47,"loc":{"start":{"line":47,"column":53},"end":{"line":47,"column":65}},"locations":[{"start":{"line":47,"column":53},"end":{"line":47,"column":65}}]},"8":{"type":"branch","line":48,"loc":{"start":{"line":48,"column":53},"end":{"line":48,"column":65}},"locations":[{"start":{"line":48,"column":53},"end":{"line":48,"column":65}}]},"9":{"type":"branch","line":48,"loc":{"start":{"line":48,"column":60},"end":{"line":50,"column":40}},"locations":[{"start":{"line":48,"column":60},"end":{"line":50,"column":40}}]},"10":{"type":"branch","line":50,"loc":{"start":{"line":50,"column":18},"end":{"line":51,"column":47}},"locations":[{"start":{"line":50,"column":18},"end":{"line":51,"column":47}}]},"11":{"type":"branch","line":51,"loc":{"start":{"line":51,"column":25},"end":{"line":52,"column":52}},"locations":[{"start":{"line":51,"column":25},"end":{"line":52,"column":52}}]},"12":{"type":"branch","line":57,"loc":{"start":{"line":57,"column":36},"end":{"line":66,"column":7}},"locations":[{"start":{"line":57,"column":36},"end":{"line":66,"column":7}}]},"13":{"type":"branch","line":58,"loc":{"start":{"line":58,"column":60},"end":{"line":59,"column":36}},"locations":[{"start":{"line":58,"column":60},"end":{"line":59,"column":36}}]},"14":{"type":"branch","line":59,"loc":{"start":{"line":59,"column":18},"end":{"line":59,"column":59}},"locations":[{"start":{"line":59,"column":18},"end":{"line":59,"column":59}}]},"15":{"type":"branch","line":59,"loc":{"start":{"line":59,"column":59},"end":{"line":62,"column":46}},"locations":[{"start":{"line":59,"column":59},"end":{"line":62,"column":46}}]},"16":{"type":"branch","line":62,"loc":{"start":{"line":62,"column":24},"end":{"line":63,"column":51}},"locations":[{"start":{"line":62,"column":24},"end":{"line":63,"column":51}}]},"17":{"type":"branch","line":68,"loc":{"start":{"line":68,"column":38},"end":{"line":77,"column":7}},"locations":[{"start":{"line":68,"column":38},"end":{"line":77,"column":7}}]},"18":{"type":"branch","line":69,"loc":{"start":{"line":69,"column":30},"end":{"line":69,"column":43}},"locations":[{"start":{"line":69,"column":30},"end":{"line":69,"column":43}}]},"19":{"type":"branch","line":69,"loc":{"start":{"line":69,"column":37},"end":{"line":70,"column":33}},"locations":[{"start":{"line":69,"column":37},"end":{"line":70,"column":33}}]},"20":{"type":"branch","line":70,"loc":{"start":{"line":70,"column":18},"end":{"line":70,"column":54}},"locations":[{"start":{"line":70,"column":18},"end":{"line":70,"column":54}}]},"21":{"type":"branch","line":70,"loc":{"start":{"line":70,"column":54},"end":{"line":75,"column":9}},"locations":[{"start":{"line":70,"column":54},"end":{"line":75,"column":9}}]},"22":{"type":"branch","line":72,"loc":{"start":{"line":72,"column":21},"end":{"line":72,"column":63}},"locations":[{"start":{"line":72,"column":21},"end":{"line":72,"column":63}}]},"23":{"type":"branch","line":75,"loc":{"start":{"line":75,"column":8},"end":{"line":76,"column":20}},"locations":[{"start":{"line":75,"column":8},"end":{"line":76,"column":20}}]},"24":{"type":"branch","line":87,"loc":{"start":{"line":87,"column":36},"end":{"line":90,"column":7}},"locations":[{"start":{"line":87,"column":36},"end":{"line":90,"column":7}}]},"25":{"type":"branch","line":89,"loc":{"start":{"line":89,"column":35},"end":{"line":89,"column":47}},"locations":[{"start":{"line":89,"column":35},"end":{"line":89,"column":47}}]},"26":{"type":"branch","line":88,"loc":{"start":{"line":88,"column":41},"end":{"line":88,"column":59}},"locations":[{"start":{"line":88,"column":41},"end":{"line":88,"column":59}}]},"27":{"type":"branch","line":92,"loc":{"start":{"line":92,"column":37},"end":{"line":105,"column":7}},"locations":[{"start":{"line":92,"column":37},"end":{"line":105,"column":7}}]},"28":{"type":"branch","line":93,"loc":{"start":{"line":93,"column":28},"end":{"line":93,"column":35}},"locations":[{"start":{"line":93,"column":28},"end":{"line":93,"column":35}}]},"29":{"type":"branch","line":94,"loc":{"start":{"line":94,"column":151},"end":{"line":101,"column":41}},"locations":[{"start":{"line":94,"column":151},"end":{"line":101,"column":41}}]},"30":{"type":"branch","line":102,"loc":{"start":{"line":102,"column":8},"end":{"line":104,"column":9}},"locations":[{"start":{"line":102,"column":8},"end":{"line":104,"column":9}}]},"31":{"type":"branch","line":107,"loc":{"start":{"line":107,"column":41},"end":{"line":142,"column":7}},"locations":[{"start":{"line":107,"column":41},"end":{"line":142,"column":7}}]},"32":{"type":"branch","line":108,"loc":{"start":{"line":108,"column":28},"end":{"line":108,"column":35}},"locations":[{"start":{"line":108,"column":28},"end":{"line":108,"column":35}}]},"33":{"type":"branch","line":109,"loc":{"start":{"line":109,"column":38},"end":{"line":109,"column":45}},"locations":[{"start":{"line":109,"column":38},"end":{"line":109,"column":45}}]},"34":{"type":"branch","line":110,"loc":{"start":{"line":110,"column":174},"end":{"line":110,"column":181}},"locations":[{"start":{"line":110,"column":174},"end":{"line":110,"column":181}}]},"35":{"type":"branch","line":117,"loc":{"start":{"line":117,"column":38},"end":{"line":127,"column":9}},"locations":[{"start":{"line":117,"column":38},"end":{"line":127,"column":9}}]},"36":{"type":"branch","line":119,"loc":{"start":{"line":119,"column":92},"end":{"line":123,"column":21}},"locations":[{"start":{"line":119,"column":92},"end":{"line":123,"column":21}}]},"37":{"type":"branch","line":123,"loc":{"start":{"line":123,"column":12},"end":{"line":126,"column":13}},"locations":[{"start":{"line":123,"column":12},"end":{"line":126,"column":13}}]},"38":{"type":"branch","line":132,"loc":{"start":{"line":132,"column":35},"end":{"line":134,"column":9}},"locations":[{"start":{"line":132,"column":35},"end":{"line":134,"column":9}}]},"39":{"type":"branch","line":133,"loc":{"start":{"line":133,"column":18},"end":{"line":133,"column":47}},"locations":[{"start":{"line":133,"column":18},"end":{"line":133,"column":47}}]},"40":{"type":"branch","line":135,"loc":{"start":{"line":135,"column":25},"end":{"line":135,"column":61}},"locations":[{"start":{"line":135,"column":25},"end":{"line":135,"column":61}}]},"41":{"type":"branch","line":138,"loc":{"start":{"line":138,"column":16},"end":{"line":138,"column":65}},"locations":[{"start":{"line":138,"column":16},"end":{"line":138,"column":65}}]},"42":{"type":"branch","line":138,"loc":{"start":{"line":138,"column":65},"end":{"line":140,"column":13}},"locations":[{"start":{"line":138,"column":65},"end":{"line":140,"column":13}}]},"43":{"type":"branch","line":144,"loc":{"start":{"line":144,"column":43},"end":{"line":155,"column":7}},"locations":[{"start":{"line":144,"column":43},"end":{"line":155,"column":7}}]},"44":{"type":"branch","line":145,"loc":{"start":{"line":145,"column":30},"end":{"line":145,"column":37}},"locations":[{"start":{"line":145,"column":30},"end":{"line":145,"column":37}}]},"45":{"type":"branch","line":145,"loc":{"start":{"line":145,"column":30},"end":{"line":146,"column":45}},"locations":[{"start":{"line":145,"column":30},"end":{"line":146,"column":45}}]},"46":{"type":"branch","line":146,"loc":{"start":{"line":146,"column":38},"end":{"line":146,"column":45}},"locations":[{"start":{"line":146,"column":38},"end":{"line":146,"column":45}}]},"47":{"type":"branch","line":146,"loc":{"start":{"line":146,"column":38},"end":{"line":149,"column":31}},"locations":[{"start":{"line":146,"column":38},"end":{"line":149,"column":31}}]},"48":{"type":"branch","line":149,"loc":{"start":{"line":149,"column":31},"end":{"line":154,"column":31}},"locations":[{"start":{"line":149,"column":31},"end":{"line":154,"column":31}}]},"49":{"type":"branch","line":148,"loc":{"start":{"line":148,"column":50},"end":{"line":148,"column":83}},"locations":[{"start":{"line":148,"column":50},"end":{"line":148,"column":83}}]},"50":{"type":"branch","line":157,"loc":{"start":{"line":157,"column":39},"end":{"line":188,"column":7}},"locations":[{"sta
[...]
47}},"49":{"start":{"line":50,"column":0},"end":{"line":50,"column":25}},"50":{"start":{"line":51,"column":0},"end":{"line":51,"column":27}},"51":{"start":{"line":52,"column":0},"end":{"line":52,"column":11}},"52":{"start":{"line":53,"column":0},"end":{"line":53,"column":64}},"53":{"start":{"line":54,"column":0},"end":{"line":54,"column":1}},"56":{"start":{"line":57,"column":0},"end":{"line":57,"column":99}},"57":{"start":{"line":58,"column":0},"end":{"line":58,"column":57}},"58":{"start":{"line":59,"column":0},"end":{"line":59,"column":1}},"60":{"start":{"line":61,"column":0},"end":{"line":61,"column":83}},"61":{"start":{"line":62,"column":0},"end":{"line":62,"column":50}},"62":{"start":{"line":63,"column":0},"end":{"line":63,"column":17}},"63":{"start":{"line":64,"column":0},"end":{"line":64,"column":43}},"64":{"start":{"line":65,"column":0},"end":{"line":65,"column":5}},"65":{"start":{"line":66,"column":0},"end":{"line":66,"column":33}},"66":{"start":{"line":67,"column":0},"end":{"line":67,"column":1}},"68":{"start":{"line":69,"column":0},"end":{"line":69,"column":40}},"69":{"start":{"line":70,"column":0},"end":{"line":70,"column":38}},"70":{"start":{"line":71,"column":0},"end":{"line":71,"column":23}},"71":{"start":{"line":72,"column":0},"end":{"line":72,"column":23}},"72":{"start":{"line":73,"column":0},"end":{"line":73,"column":12}},"73":{"start":{"line":74,"column":0},"end":{"line":74,"column":63}},"74":{"start":{"line":75,"column":0},"end":{"line":75,"column":1}},"76":{"start":{"line":77,"column":0},"end":{"line":77,"column":41}},"77":{"start":{"line":78,"column":0},"end":{"line":78,"column":38}},"78":{"start":{"line":79,"column":0},"end":{"line":79,"column":23}},"79":{"start":{"line":80,"column":0},"end":{"line":80,"column":23}},"80":{"start":{"line":81,"column":0},"end":{"line":81,"column":12}},"81":{"start":{"line":82,"column":0},"end":{"line":82,"column":64}},"82":{"start":{"line":83,"column":0},"end":{"line":83,"column":1}}},"s":{"2":1,"3":7,"4":6,"5":7,"6":4,"7":4,"8":7,"9":2,"10":7,"11":7,"12":1,"13":1,"14":1,"15":1,"16":7,"18":1,"19":5,"20":5,"21":2,"22":2,"23":5,"24":1,"25":1,"26":5,"28":1,"29":1,"30":1,"32":1,"33":1,"34":1,"35":1,"36":1,"37":1,"38":1,"39":1,"44":1,"45":3,"46":3,"48":1,"49":2,"50":2,"51":2,"52":2,"53":2,"56":1,"57":3,"58":3,"60":1,"61":2,"62":2,"63":1,"64":1,"65":1,"66":1,"68":1,"69":4,"70":4,"71":4,"72":4,"73":4,"74":4,"76":1,"77":3,"78":3,"79":3,"80":3,"81":3,"82":3},"branchMap":{"0":{"type":"branch","line":3,"loc":{"start":{"line":3,"column":7},"end":{"line":17,"column":1}},"locations":[{"start":{"line":3,"column":7},"end":{"line":17,"column":1}}]},"1":{"type":"branch","line":4,"loc":{"start":{"line":4,"column":9},"end":{"line":4,"column":41}},"locations":[{"start":{"line":4,"column":9},"end":{"line":4,"column":41}}]},"2":{"type":"branch","line":4,"loc":{"start":{"line":4,"column":41},"end":{"line":4,"column":66}},"locations":[{"start":{"line":4,"column":41},"end":{"line":4,"column":66}}]},"3":{"type":"branch","line":4,"loc":{"start":{"line":4,"column":48},"end":{"line":6,"column":41}},"locations":[{"start":{"line":4,"column":48},"end":{"line":6,"column":41}}]},"4":{"type":"branch","line":6,"loc":{"start":{"line":6,"column":34},"end":{"line":6,"column":59}},"locations":[{"start":{"line":6,"column":34},"end":{"line":6,"column":59}}]},"5":{"type":"branch","line":6,"loc":{"start":{"line":6,"column":41},"end":{"line":9,"column":40}},"locations":[{"start":{"line":6,"column":41},"end":{"line":9,"column":40}}]},"6":{"type":"branch","line":9,"loc":{"start":{"line":9,"column":33},"end":{"line":9,"column":58}},"locations":[{"start":{"line":9,"column":33},"end":{"line":9,"column":58}}]},"7":{"type":"branch","line":9,"loc":{"start":{"line":9,"column":40},"end":{"line":11,"column":60}},"locations":[{"start":{"line":9,"column":40},"end":{"line":11,"column":60}}]},"8":{"type":"branch","line":11,"loc":{"start":{"line":11,"column":60},"end":{"line":11,"column":85}},"locations":[{"start":{"line":11,"column":60},"end":{"line":11,"column":85}}]},"9":{"type":"branch","line":11,"loc":{"start":{"line":11,"column":67},"end":{"line":12,"column":48}},"locations":[{"start":{"line":11,"column":67},"end":{"line":12,"column":48}}]},"10":{"type":"branch","line":12,"loc":{"start":{"line":12,"column":41},"end":{"line":16,"column":5}},"locations":[{"start":{"line":12,"column":41},"end":{"line":16,"column":5}}]},"11":{"type":"branch","line":19,"loc":{"start":{"line":19,"column":7},"end":{"line":31,"column":1}},"locations":[{"start":{"line":19,"column":7},"end":{"line":31,"column":1}}]},"12":{"type":"branch","line":21,"loc":{"start":{"line":21,"column":36},"end":{"line":21,"column":47}},"locations":[{"start":{"line":21,"column":36},"end":{"line":21,"column":47}}]},"13":{"type":"branch","line":21,"loc":{"start":{"line":21,"column":43},"end":{"line":24,"column":38}},"locations":[{"start":{"line":21,"column":43},"end":{"line":24,"column":38}}]},"14":{"type":"branch","line":24,"loc":{"start":{"line":24,"column":27},"end":{"line":24,"column":63}},"locations":[{"start":{"line":24,"column":27},"end":{"line":24,"column":63}}]},"15":{"type":"branch","line":24,"loc":{"start":{"line":24,"column":63},"end":{"line":26,"column":9}},"locations":[{"start":{"line":24,"column":63},"end":{"line":26,"column":9}}]},"16":{"type":"branch","line":27,"loc":{"start":{"line":27,"column":4},"end":{"line":31,"column":1}},"locations":[{"start":{"line":27,"column":4},"end":{"line":31,"column":1}}]},"17":{"type":"branch","line":33,"loc":{"start":{"line":33,"column":7},"end":{"line":40,"column":1}},"locations":[{"start":{"line":33,"column":7},"end":{"line":40,"column":1}}]},"18":{"type":"branch","line":45,"loc":{"start":{"line":45,"column":7},"end":{"line":47,"column":1}},"locations":[{"start":{"line":45,"column":7},"end":{"line":47,"column":1}}]},"19":{"type":"branch","line":49,"loc":{"start":{"line":49,"column":7},"end":{"line":54,"column":1}},"locations":[{"start":{"line":49,"column":7},"end":{"line":54,"column":1}}]},"20":{"type":"branch","line":57,"loc":{"start":{"line":57,"column":7},"end":{"line":59,"column":1}},"locations":[{"start":{"line":57,"column":7},"end":{"line":59,"column":1}}]},"21":{"type":"branch","line":58,"loc":{"start":{"line":58,"column":23},"end":{"line":58,"column":57}},"locations":[{"start":{"line":58,"column":23},"end":{"line":58,"column":57}}]},"22":{"type":"branch","line":61,"loc":{"start":{"line":61,"column":7},"end":{"line":67,"column":1}},"locations":[{"start":{"line":61,"column":7},"end":{"line":67,"column":1}}]},"23":{"type":"branch","line":62,"loc":{"start":{"line":62,"column":26},"end":{"line":62,"column":47}},"locations":[{"start":{"line":62,"column":26},"end":{"line":62,"column":47}}]},"24":{"type":"branch","line":62,"loc":{"start":{"line":62,"column":43},"end":{"line":62,"column":50}},"locations":[{"start":{"line":62,"column":43},"end":{"line":62,"column":50}}]},"25":{"type":"branch","line":63,"loc":{"start":{"line":63,"column":16},"end":{"line":67,"column":1}},"locations":[{"start":{"line":63,"column":16},"end":{"line":67,"column":1}}]},"26":{"type":"branch","line":69,"loc":{"start":{"line":69,"column":7},"end":{"line":75,"column":1}},"locations":[{"start":{"line":69,"column":7},"end":{"line":75,"column":1}}]},"27":{"type":"branch","line":74,"loc":{"start":{"line":74,"column":29},"end":{"line":74,"column":52}},"locations":[{"start":{"line":74,"column":29},"end":{"line":74,"column":52}}]},"28":{"type":"branch","line":74,"loc":{"start":{"line":74,"column":39},"end":{"line":74,"column":63}},"locations":[{"start":{"line":74,"column":39},"end":{"line":74,"column":63}}]},"29":{"type":"branch","line":77,"loc":{"start":{"line":77,"column":7},"end":{"line":83,"column":1}},"locations":[{"start":{"line":77,"column":7},"end":{"line":83,"column":1}}]},"30":{"type":"branch","line":82,"loc":{"start":{"line":82,"column":29},"end":{"line":82,"column":53}},"locations":[{"start":{"line":82,"column":29},"end":{"line":82,"column":53}}]},"31":{"type":"branch","line":82,"loc":{"start":{"line":82,"column":40},"end":{"line":82,"column":64}},"locations":[{"start":{"line":82,"column":40},"end":{"line":82,"column":64}}]}},"b":{"0":[7],"1":[6],"2":[1],"3":[6],"4":[2],"5":[4],"6":[1],"7":[2],"8":[0],"9":[2],"10":[1],"11":[5],"12":[3],"13":[2],"14":[1],"15":[1],"16":[1],"17":[1],"18":[3],"19":[2],"20":[3],"21":[2],"22":[2],"23":[1],"24":[1],"25":[1],"26":[4],"27":[3],"28":[2],"29":[3],"30":[2],"31":[1]},"fnMap":{"0":{"name":"safeNext","decl":{"start":{"line":3,"column":7},"end":{"line":17,"column":1}},"loc":{"start":{"line":3,"column":7},"end":{"line":17,"column":1}},"line":3},"1":{"name":"safeHttpUrl","decl":{"start":{"line":19,"column":7},"end":{"line":31,"column":1}},"loc":{"start":{"line":19,"column":7},"end":{"line":31,"column":1}},"line":19},"2":{"name":"escapeHtml","decl":{"start":{"line":33,"column":7},"end":{"line":40,"column":1}},"loc":{"start":{"line":33,"column":7},"end":{"line":40,"column":1}},"line":33},"3":{"name":"rebuildIndexShouldToast","decl":{"start":{"line":45,"column":7},"end":{"line":47,"column":1}},"loc":{"start":{"line":45,"column":7},"end":{"line":47,"column":1}},"line":45},"4":{"name":"formatRebuildIndexSuccessToast","decl":{"start":{"line":49,"column":7},"end":{"line":54,"column":1}},"loc":{"start":{"line":49,"column":7},"end":{"line":54,"column":1}},"line":49},"5":{"name":"rebuildIndexShouldSurfaceBackgroundFailure","decl":{"start":{"line":57,"column":7},"end":{"line":59,"column":1}},"loc":{"start":{"line":57,"column":7},"end":{"line":59,"column":1}},"line":57},"6":{"name":"formatRebuildIndexBackgroundFailureMessage","decl":{"start":{"line":61,"column":7},"end":{"line":67,"column":1}},"loc":{"start":{"line":61,"column":7},"end":{"line":67,"column":1}},"line":61},"7":{"name":"shouldShowBotOnboarding","decl":{"start":{"line":69,"column":7},"end":{"line":75,"column":1}},"loc":{"start":{"line":69,"column":7},"end":{"line":75,"column":1}},"line":69},"8":{"name":"shouldShowUserOnboarding","decl":{"start":{"line":77,"column":7},"end":{"line":83,"column":1}},"loc":{"start":{"line":77,"column":7},"end":{"line":83,"column":1}},"line":77}},"f":{"0":7,"1":5,"2":1,"3":3,"4":2,"5":3,"6":2,"7":4,"8":3}}
,"C:\\Users\\Administrator.DESKTOP-EGNE9ND\\Desktop\\寻雷科技产品（AI模块独立应用）\\寻雷科技无限储存oss\\Telegram-Drive\\app\\src\\types\\connection.ts": {"path":"C:\\Users\\Administrator.DESKTOP-EGNE9ND\\Desktop\\寻雷科技产品（AI模块独立应用）\\寻雷科技无限储存oss\\Telegram-Drive\\app\\src\\types\\connection.ts","all":false,"statementMap":{"2":{"start":{"line":3,"column":0},"end":{"line":3,"column":73}},"3":{"start":{"line":4,"column":0},"end":{"line":4,"column":21}},"4":{"start":{"line":5,"column":0},"end":{"line":5,"column":24}},"5":{"start":{"line":6,"column":0},"end":{"line":6,"column":71}},"6":{"start":{"line":7,"column":0},"end":{"line":7,"column":22}},"7":{"start":{"line":8,"column":0},"end":{"line":8,"column":45}},"8":{"start":{"line":9,"column":0},"end":{"line":9,"column":28}},"9":{"start":{"line":10,"column":0},"end":{"line":10,"column":53}},"10":{"start":{"line":11,"column":0},"end":{"line":11,"column":31}},"11":{"start":{"line":12,"column":0},"end":{"line":12,"column":43}},"12":{"start":{"line":13,"column":0},"end":{"line":13,"column":5}},"13":{"start":{"line":14,"column":0},"end":{"line":14,"column":1}},"15":{"start":{"line":16,"column":0},"end":{"line":16,"column":69}},"16":{"start":{"line":17,"column":0},"end":{"line":17,"column":31}},"17":{"start":{"line":18,"column":0},"end":{"line":18,"column":1}},"20":{"start":{"line":21,"column":0},"end":{"line":21,"column":38}},"23":{"start":{"line":24,"column":0},"end":{"line":24,"column":13}},"24":{"start":{"line":25,"column":0},"end":{"line":25,"column":50}},"25":{"start":{"line":26,"column":0},"end":{"line":26,"column":51}},"26":{"start":{"line":27,"column":0},"end":{"line":27,"column":1}},"28":{"start":{"line":29,"column":0},"end":{"line":29,"column":87}},"29":{"start":{"line":30,"column":0},"end":{"line":30,"column":57}},"30":{"start":{"line":31,"column":0},"end":{"line":31,"column":1}},"33":{"start":{"line":34,"column":0},"end":{"line":34,"column":39}},"36":{"start":{"line":37,"column":0},"end":{"line":37,"column":13}},"37":{"start":{"line":38,"column":0},"end":{"line":38,"column":82}},"38":{"start":{"line":39,"column":0},"end":{"line":39,"column":1}},"41":{"start":{"line":42,"column":0},"end":{"line":42,"column":40}},"44":{"start":{"line":45,"column":0},"end":{"line":45,"column":13}},"45":{"start":{"line":46,"column":0},"end":{"line":46,"column":40}},"46":{"start":{"line":47,"column":0},"end":{"line":47,"column":39}},"47":{"start":{"line":48,"column":0},"end":{"line":48,"column":1}},"50":{"start":{"line":51,"column":0},"end":{"line":51,"column":39}},"53":{"start":{"line":54,"column":0},"end":{"line":54,"column":13}},"54":{"start":{"line":55,"column":0},"end":{"line":55,"column":34}},"55":{"start":{"line":56,"column":0},"end":{"line":56,"column":1}},"58":{"start":{"line":59,"column":0},"end":{"line":59,"column":37}},"61":{"start":{"line":62,"column":0},"end":{"line":62,"column":13}},"62":{"start":{"line":63,"column":0},"end":{"line":63,"column":34}},"63":{"start":{"line":64,"column":0},"end":{"line":64,"column":1}},"66":{"start":{"line":67,"column":0},"end":{"line":67,"column":41}},"67":{"start":{"line":68,"column":0},"end":{"line":68,"column":27}},"68":{"start":{"line":69,"column":0},"end":{"line":69,"column":24}},"69":{"start":{"line":70,"column":0},"end":{"line":70,"column":21}},"70":{"start":{"line":71,"column":0},"end":{"line":71,"column":49}},"71":{"start":{"line":72,"column":0},"end":{"line":72,"column":50}},"72":{"start":{"line":73,"column":0},"end":{"line":73,"column":1}}},"s":{"2":1,"3":10,"4":10,"5":1,"6":10,"7":1,"8":10,"9":7,"10":10,"11":1,"12":10,"13":10,"15":1,"16":17,"17":17,"20":1,"23":3,"24":3,"25":2,"26":2,"28":1,"29":4,"30":4,"33":1,"36":3,"37":3,"38":3,"41":1,"44":9,"45":9,"46":6,"47":6,"50":1,"53":3,"54":3,"55":3,"58":1,"61":3,"62":3,"63":3,"66":1,"67":21,"68":21,"69":21,"70":21,"71":21,"72":21},"branchMap":{"0":{"type":"branch","line":3,"loc":{"start":{"line":3,"column":7},"end":{"line":14,"column":1}},"locations":[{"start":{"line":3,"column":7},"end":{"line":14,"column":1}}]},"1":{"type":"branch","line":5,"loc":{"start":{"line":5,"column":8},"end":{"line":6,"column":71}},"locations":[{"start":{"line":5,"column":8},"end":{"line":6,"column":71}}]},"2":{"type":"branch","line":7,"loc":{"start":{"line":7,"column":8},"end":{"line":8,"column":45}},"locations":[{"start":{"line":7,"column":8},"end":{"line":8,"column":45}}]},"3":{"type":"branch","line":9,"loc":{"start":{"line":9,"column":8},"end":{"line":10,"column":53}},"locations":[{"start":{"line":9,"column":8},"end":{"line":10,"column":53}}]},"4":{"type":"branch","line":11,"loc":{"start":{"line":11,"column":8},"end":{"line":12,"column":43}},"locations":[{"start":{"line":11,"column":8},"end":{"line":12,"column":43}}]},"5":{"type":"branch","line":16,"loc":{"start":{"line":16,"column":7},"end":{"line":18,"column":1}},"locations":[{"start":{"line":16,"column":7},"end":{"line":18,"column":1}}]},"6":{"type":"branch","line":21,"loc":{"start":{"line":21,"column":7},"end":{"line":27,"column":1}},"locations":[{"start":{"line":21,"column":7},"end":{"line":27,"column":1}}]},"7":{"type":"branch","line":25,"loc":{"start":{"line":25,"column":38},"end":{"line":25,"column":50}},"locations":[{"start":{"line":25,"column":38},"end":{"line":25,"column":50}}]},"8":{"type":"branch","line":25,"loc":{"start":{"line":25,"column":45},"end":{"line":27,"column":1}},"locations":[{"start":{"line":25,"column":45},"end":{"line":27,"column":1}}]},"9":{"type":"branch","line":29,"loc":{"start":{"line":29,"column":7},"end":{"line":31,"column":1}},"locations":[{"start":{"line":29,"column":7},"end":{"line":31,"column":1}}]},"10":{"type":"branch","line":30,"loc":{"start":{"line":30,"column":12},"end":{"line":30,"column":33}},"locations":[{"start":{"line":30,"column":12},"end":{"line":30,"column":33}}]},"11":{"type":"branch","line":34,"loc":{"start":{"line":34,"column":7},"end":{"line":39,"column":1}},"locations":[{"start":{"line":34,"column":7},"end":{"line":39,"column":1}}]},"12":{"type":"branch","line":38,"loc":{"start":{"line":38,"column":35},"end":{"line":38,"column":82}},"locations":[{"start":{"line":38,"column":35},"end":{"line":38,"column":82}}]},"13":{"type":"branch","line":42,"loc":{"start":{"line":42,"column":7},"end":{"line":48,"column":1}},"locations":[{"start":{"line":42,"column":7},"end":{"line":48,"column":1}}]},"14":{"type":"branch","line":46,"loc":{"start":{"line":46,"column":28},"end":{"line":46,"column":40}},"locations":[{"start":{"line":46,"column":28},"end":{"line":46,"column":40}}]},"15":{"type":"branch","line":46,"loc":{"start":{"line":46,"column":35},"end":{"line":48,"column":1}},"locations":[{"start":{"line":46,"column":35},"end":{"line":48,"column":1}}]},"16":{"type":"branch","line":51,"loc":{"start":{"line":51,"column":7},"end":{"line":56,"column":1}},"locations":[{"start":{"line":51,"column":7},"end":{"line":56,"column":1}}]},"17":{"type":"branch","line":59,"loc":{"start":{"line":59,"column":7},"end":{"line":64,"column":1}},"locations":[{"start":{"line":59,"column":7},"end":{"line":64,"column":1}}]},"18":{"type":"branch","line":67,"loc":{"start":{"line":67,"column":7},"end":{"line":73,"column":1}},"locations":[{"start":{"line":67,"column":7},"end":{"line":73,"column":1}}]},"19":{"type":"branch","line":71,"loc":{"start":{"line":71,"column":24},"end":{"line":71,"column":49}},"locations":[{"start":{"line":71,"column":24},"end":{"line":71,"column":49}}]},"20":{"type":"branch","line":71,"loc":{"start":{"line":71,"column":31},"end":{"line":72,"column":24}},"locations":[{"start":{"line":71,"column":31},"end":{"line":72,"column":24}}]},"21":{"type":"branch","line":72,"loc":{"start":{"line":72,"column":11},"end":{"line":72,"column":35}},"locations":[{"start":{"line":72,"column":11},"end":{"line":72,"column":35}}]},"22":{"type":"branch","line":72,"loc":{"start":{"line":72,"column":24},"end":{"line":72,"column":50}},"locations":[{"start":{"line":72,"column":24},"end":{"line":72,"column":50}}]}},"b":{"0":[10],"1":[1],"2":[1],"3":[7],"4":[1],"5":[17],"6":[3],"7":[1],"8":[2],"9":[4],"10":[0],"11":[3],"12":[2],"13":[9],"14":[3],"15":[6],"16":[3],"17":[3],"18":[21],"19":[1],"20":[20],"21":[18],"22":[2]},"fnMap":{"0":{"name":"connectionStatusLabel","decl":{"start":{"line":3,"column":7},"end":{"line":14,"column":1}},"loc":{"start":{"line":3,"column":7},"end":{"line":14,"column":1}},"line":3},"1":{"name":"canTransferFiles","decl":{"start":{"line":16,"column":7},"end":{"line":18,"column":1}},"loc":{"start":{"line":16,"column":7},"end":{"line":18,"column":1}},"line":16},"2":{"name":"isServiceReady","decl":{"start":{"line":21,"column":7},"end":{"line":27,"column":1}},"loc":{"start":{"line":21,"column":7},"end":{"line":27,"column":1}},"line":21},"3":{"name":"isBotTransportMode","decl":{"start":{"line":29,"column":7},"end":{"line":31,"column":1}},"loc":{"start":{"line":29,"column":7},"end":{"line":31,"column":1}},"line":29},"4":{"name":"isBotIndexReady","decl":{"start":{"line":34,"column":7},"end":{"line":39,"column":1}},"loc":{"start":{"line":34,"column":7},"end":{"line":39,"column":1}},"line":34},"5":{"name":"canDownloadFiles","decl":{"start":{"line":42,"column":7},"end":{"line":48,"column":1}},"loc":{"start":{"line":42,"column":7},"end":{"line":48,"column":1}},"line":42},"6":{"name":"canPreviewFiles","decl":{"start":{"line":51,"column":7},"end":{"line":56,"column":1}},"loc":{"start":{"line":51,"column":7},"end":{"line":56,"column":1}},"line":51},"7":{"name":"canShareFiles","decl":{"start":{"line":59,"column":7},"end":{"line":64,"column":1}},"loc":{"start":{"line":59,"column":7},"end":{"line":64,"column":1}},"line":59},"8":{"name":"classifyConnectionStatus","decl":{"start":{"line":67,"column":7},"end":{"line":73,"column":1}},"loc":{"start":{"line":67,"column":7},"end":{"line":73,"column":1}},"line":67}},"f":{"0":10,"1":17,"2":3,"3":4,"4":3,"5":9,"6":3,"7":3,"8":21}}
}
